Log file open, 11/28/17 22:42:50
LogWindows: Failed to load 'aqProf.dll' (GetLastError=126)
LogWindows: File 'aqProf.dll' does not exist
LogWindows: Failed to load 'VSPerf140.dll' (GetLastError=126)
LogWindows: File 'VSPerf140.dll' does not exist
LogWindows: Failed to load 'VtuneApi.dll' (GetLastError=126)
LogWindows: File 'VtuneApi.dll' does not exist
LogWindows: Failed to load 'VtuneApi32e.dll' (GetLastError=126)
LogWindows: File 'VtuneApi32e.dll' does not exist
LogInit: Display: Running engine for game: PPOutlining
LogPlatformFile: Not using cached read wrapper
LogInit: Display: RandInit(428156234) SRandInit(428156234).
LogTaskGraph: Started task graph with 5 named threads and 14 total threads with 3 sets of task threads.
LogStats: Stats thread started at 0.194675
LogD3D11RHI: Aftermath initialized
LogPluginManager: Mounting plugin Paper2D
LogPluginManager: Mounting plugin LightPropagationVolume
LogPluginManager: Mounting plugin CodeLiteSourceCodeAccess
LogPluginManager: Mounting plugin GitSourceControl
LogPluginManager: Mounting plugin KDevelopSourceCodeAccess
LogPluginManager: Mounting plugin NullSourceCodeAccess
LogPluginManager: Mounting plugin PerforceSourceControl
LogPluginManager: Mounting plugin SubversionSourceControl
LogPluginManager: Mounting plugin UObjectPlugin
LogPluginManager: Mounting plugin VisualStudioSourceCodeAccess
LogPluginManager: Mounting plugin XCodeSourceCodeAccess
LogPluginManager: Mounting plugin AssetManagerEditor
LogPluginManager: Mounting plugin AudioCapture
LogPluginManager: Mounting plugin FacialAnimation
LogPluginManager: Mounting plugin GameplayTagsEditor
LogPluginManager: Mounting plugin MobileLauncherProfileWizard
LogPluginManager: Mounting plugin PluginBrowser
LogPluginManager: Mounting plugin SpeedTreeImporter
LogPluginManager: Mounting plugin AlembicImporter
LogPluginManager: Mounting plugin CharacterAI
LogPluginManager: Mounting plugin HTML5Networking
LogPluginManager: Mounting plugin AndroidMedia
LogPluginManager: Mounting plugin AvfMedia
LogPluginManager: Mounting plugin MediaPlayerEditor
LogPluginManager: Mounting plugin WmfMedia
LogPluginManager: Mounting plugin TcpMessaging
LogPluginManager: Mounting plugin UdpMessaging
LogPluginManager: Mounting plugin LevelSequenceEditor
LogPluginManager: Mounting plugin MatineeToLevelSequence
LogPluginManager: Mounting plugin OnlineSubsystemGooglePlay
LogPluginManager: Mounting plugin OnlineSubsystemIOS
LogPluginManager: Mounting plugin OnlineSubsystem
LogPluginManager: Mounting plugin OnlineSubsystemNull
LogPluginManager: Mounting plugin OnlineSubsystemUtils
LogPluginManager: Mounting plugin AndroidDeviceProfileSelector
LogPluginManager: Mounting plugin AndroidMoviePlayer
LogPluginManager: Mounting plugin AndroidPermission
LogPluginManager: Mounting plugin AppleMoviePlayer
LogPluginManager: Mounting plugin ArchVisCharacter
LogPluginManager: Mounting plugin CableComponent
LogPluginManager: Mounting plugin CustomMeshComponent
LogPluginManager: Mounting plugin ExampleDeviceProfileSelector
LogPluginManager: Mounting plugin GoogleCloudMessaging
LogPluginManager: Mounting plugin ImmediatePhysics
LogPluginManager: Mounting plugin IOSDeviceProfileSelector
LogPluginManager: Mounting plugin LinuxDeviceProfileSelector
LogPluginManager: Mounting plugin LocationServicesBPLibrary
LogPluginManager: Mounting plugin MobilePatchingUtils
LogPluginManager: Mounting plugin OculusVR
LogPluginManager: Mounting plugin PhysXVehicles
LogPluginManager: Mounting plugin ProceduralMeshComponent
LogPluginManager: Mounting plugin RuntimePhysXCooking
LogPluginManager: Mounting plugin SteamVR
LogPluginManager: Mounting plugin WindowsMoviePlayer
LogInit: Using libcurl 7.47.1
LogInit:  - built for x86_64-pc-win32
LogInit:  - supports SSL with OpenSSL/1.0.2g
LogInit:  - supports HTTP deflate (compression) using libz 1.2.8
LogInit:  - other features:
LogInit:      CURL_VERSION_SSL
LogInit:      CURL_VERSION_LIBZ
LogInit:      CURL_VERSION_IPV6
LogInit:      CURL_VERSION_ASYNCHDNS
LogInit:      CURL_VERSION_LARGEFILE
LogInit:      CURL_VERSION_IDN
LogInit:  CurlRequestOptions (configurable via config and command line):
LogInit:  - bVerifyPeer = false  - Libcurl will NOT verify peer certificate
LogInit:  - bUseHttpProxy = false  - Libcurl will NOT use HTTP proxy
LogInit:  - bDontReuseConnections = false  - Libcurl will reuse connections
LogInit:  - CertBundlePath = nullptr  - Libcurl will use whatever was configured at build time.
LogInit: Build: ++UE4+Release-4.17-CL-3658906
LogInit: Engine Version: 4.17.2-3658906+++UE4+Release-4.17
LogInit: Compatible Engine Version: 4.17.0-3573198+++UE4+Release-4.17
LogInit: Net CL: 3573198
LogDevObjectVersion: Number of dev versions registered: 16
LogDevObjectVersion:   Dev-Blueprints (B0D832E4-1F89-4F0D-ACCF-7EB736FD4AA2): 10
LogDevObjectVersion:   Dev-Build (E1C64328-A22C-4D53-A36C-8E866417BD8C): 0
LogDevObjectVersion:   Dev-Core (375EC13C-06E4-48FB-B500-84F0262A717E): 2
LogDevObjectVersion:   Dev-Editor (E4B068ED-F494-42E9-A231-DA0B2E46BB41): 20
LogDevObjectVersion:   Dev-Framework (CFFC743F-43B0-4480-9391-14DF171D2073): 28
LogDevObjectVersion:   Dev-Mobile (B02B49B5-BB20-44E9-A304-32B752E40360): 0
LogDevObjectVersion:   Dev-Networking (A4E4105C-59A1-49B5-A7C5-40C4547EDFEE): 0
LogDevObjectVersion:   Dev-Online (39C831C9-5AE6-47DC-9A44-9C173E1C8E7C): 0
LogDevObjectVersion:   Dev-Physics (78F01B33-EBEA-4F98-B9B4-84EACCB95AA2): 0
LogDevObjectVersion:   Dev-Platform (6631380F-2D4D-43E0-8009-CF276956A95A): 0
LogDevObjectVersion:   Dev-Rendering (12F88B9F-8875-4AFC-A67C-D90C383ABD29): 19
LogDevObjectVersion:   Dev-Sequencer (7B5AE74C-D270-4C10-A958-57980B212A5A): 4
LogDevObjectVersion:   Dev-VR (D7296918-1DD6-4BDD-9DE2-64A83CC13884): 0
LogDevObjectVersion:   Dev-LoadTimes (C2A15278-BFE7-4AFE-6C17-90FF531DF755): 1
LogDevObjectVersion:   Private-Geometry (6EACA3D4-40EC-4CC1-B786-8BED09428FC5): 1
LogDevObjectVersion:   Dev-AnimPhys (29E575DD-E0A3-4627-9D10-D276232CDCEA): 7
LogInit: Compiled (64-bit): Sep 22 2017 13:47:16
LogInit: Compiled with Visual C++: 19.00.24215.01
LogInit: Build Configuration: Development
LogInit: Branch Name: ++UE4+Release-4.17
LogInit: Command line: -EpicPortal 
LogInit: Base directory: D:/Games/UE_4.17/Engine/Binaries/Win64/
LogInit: Installed Engine Build: 1
LogInit: Presizing for max 8388607 objects, including 0 objects not considered by GC, pre-allocating 0 bytes for permanent pool.
LogInit: Object subsystem initialized
[2017.11.29-03.42.51:083][  0]LogInit: Selected Device Profile: [Windows]
[2017.11.29-03.42.51:083][  0]LogInit: Applying CVar settings loaded from the selected device profile: [Windows]
[2017.11.29-03.42.51:104][  0]LogInit: Computer: DESKTOP-352940E
[2017.11.29-03.42.51:104][  0]LogInit: User: Cameron
[2017.11.29-03.42.51:104][  0]LogInit: CPU Page size=4096, Cores=4
[2017.11.29-03.42.51:104][  0]LogInit: High frequency timer resolution =3.320323 MHz
[2017.11.29-03.42.51:104][  0]LogMemory: Memory total: Physical=7.9GB (8GB approx)
[2017.11.29-03.42.51:104][  0]LogMemory: Platform Memory Stats for Windows
[2017.11.29-03.42.51:104][  0]LogMemory: Process Physical Memory: 276.22 MB used, 276.22 MB peak
[2017.11.29-03.42.51:104][  0]LogMemory: Process Virtual Memory: 278.26 MB used, 278.26 MB peak
[2017.11.29-03.42.51:104][  0]LogMemory: Physical Memory: 7728.88 MB used,  407.15 MB free, 8136.02 MB total
[2017.11.29-03.42.51:104][  0]LogMemory: Virtual Memory: 672.96 MB used,  407.15 MB free, 134217728.00 MB total
[2017.11.29-03.42.51:229][  0]LogInit: Using OS detected language (en-US).
[2017.11.29-03.42.51:229][  0]LogInit: Using OS detected locale (en-US).
[2017.11.29-03.42.51:232][  0]LogTextLocalizationManager: No specific localization for 'en-US' exists, so the 'en' localization will be used.
[2017.11.29-03.42.51:941][  0]LogD3D11RHI: D3D11 adapters:
[2017.11.29-03.42.51:955][  0]LogD3D11RHI:    0. 'AMD Radeon R9 200 / HD 7900 Series' (Feature Level 11_0)
[2017.11.29-03.42.51:955][  0]LogD3D11RHI:       3053/0/4068 MB DedicatedVideo/DedicatedSystem/SharedSystem, Outputs:2, VendorId:0x1002
[2017.11.29-03.42.51:956][  0]LogD3D11RHI:    1. 'Microsoft Basic Render Driver' (Feature Level 11_0)
[2017.11.29-03.42.51:956][  0]LogD3D11RHI:       0/0/4068 MB DedicatedVideo/DedicatedSystem/SharedSystem, Outputs:0, VendorId:0x1414
[2017.11.29-03.42.51:956][  0]LogD3D11RHI: Chosen D3D11 Adapter: 0
[2017.11.29-03.42.51:960][  0]LogD3D11RHI: Creating new Direct3DDevice
[2017.11.29-03.42.51:960][  0]LogD3D11RHI:     GPU DeviceId: 0x6798 (for the marketing name, search the web for "GPU Device Id")
[2017.11.29-03.42.51:961][  0]LogWindows: EnumDisplayDevices:
[2017.11.29-03.42.51:961][  0]LogWindows:    0. 'AMD Radeon R9 200 / HD 7900 Series' (P:0 D:1)
[2017.11.29-03.42.51:961][  0]LogWindows:    1. 'AMD Radeon R9 200 / HD 7900 Series' (P:1 D:1)
[2017.11.29-03.42.51:961][  0]LogWindows:    2. 'AMD Radeon R9 200 / HD 7900 Series' (P:0 D:0)
[2017.11.29-03.42.51:961][  0]LogWindows:    3. 'AMD Radeon R9 200 / HD 7900 Series' (P:0 D:0)
[2017.11.29-03.42.51:961][  0]LogWindows:    4. 'AMD Radeon R9 200 / HD 7900 Series' (P:0 D:0)
[2017.11.29-03.42.51:962][  0]LogWindows:    5. 'AMD Radeon R9 200 / HD 7900 Series' (P:0 D:0)
[2017.11.29-03.42.51:962][  0]LogWindows: DebugString: FoundDriverCount:6 
[2017.11.29-03.42.51:962][  0]LogD3D11RHI:     Adapter Name: AMD Radeon R9 200 / HD 7900 Series
[2017.11.29-03.42.51:962][  0]LogD3D11RHI:   Driver Version: Crimson ReLive 17.4.4 (internal:22.19.162.4, unified:22.19.162.4)
[2017.11.29-03.42.51:962][  0]LogD3D11RHI:      Driver Date: 4-24-2017
[2017.11.29-03.42.51:962][  0]LogRHI: Texture pool is 1361 MB (70% of 1945 MB)
[2017.11.29-03.42.52:020][  0]LogD3D11RHI: Async texture creation enabled
[2017.11.29-03.42.52:032][  0]LogD3D11RHI: GPU Timing Frequency: 27.000000 (Debug: 2 1)
[2017.11.29-03.42.52:033][  0]LogShaderCompilers: Guid format shader working directory is -5 characters bigger than the processId version (C:/Users/Cameron/Documents/PPOutlining/pp/PPOutlining/Intermediate/Shaders/WorkingDirectory/7524/).
[2017.11.29-03.42.52:033][  0]LogShaderCompilers: Cleaned the shader compiler working directory 'C:/Users/Cameron/AppData/Local/Temp/UnrealShaderWorkingDir/D01C62C64CFF3E4507D71488EB1EFFF7/'.
[2017.11.29-03.42.52:033][  0]LogShaderCompilers: Display: Using Local Shader Compiler.
[2017.11.29-03.42.52:942][  0]LogTemp: Display: Loaded TP AllDesktopTargetPlatform
[2017.11.29-03.42.52:980][  0]LogTemp: Display: Loaded TP MacClientTargetPlatform
[2017.11.29-03.42.53:018][  0]LogTemp: Display: Loaded TP MacNoEditorTargetPlatform
[2017.11.29-03.42.53:057][  0]LogTemp: Display: Loaded TP MacServerTargetPlatform
[2017.11.29-03.42.53:095][  0]LogTemp: Display: Loaded TP MacTargetPlatform
[2017.11.29-03.42.53:153][  0]LogTemp: Display: Loaded TP WindowsClientTargetPlatform
[2017.11.29-03.42.53:190][  0]LogTemp: Display: Loaded TP WindowsNoEditorTargetPlatform
[2017.11.29-03.42.53:227][  0]LogTemp: Display: Loaded TP WindowsServerTargetPlatform
[2017.11.29-03.42.53:258][  0]LogTemp: Display: Loaded TP WindowsTargetPlatform
[2017.11.29-03.42.53:296][  0]LogTemp: Display: Loaded TP AndroidTargetPlatform
[2017.11.29-03.42.53:351][  0]LogTemp: Display: Loaded TP Android_ASTCTargetPlatform
[2017.11.29-03.42.53:389][  0]LogTemp: Display: Loaded TP Android_ATCTargetPlatform
[2017.11.29-03.42.53:426][  0]LogTemp: Display: Loaded TP Android_DXTTargetPlatform
[2017.11.29-03.42.53:464][  0]LogTemp: Display: Loaded TP Android_ETC1TargetPlatform
[2017.11.29-03.42.53:501][  0]LogTemp: Display: Loaded TP Android_ETC2TargetPlatform
[2017.11.29-03.42.53:597][  0]LogTemp: Display: Loaded TP Android_MultiTargetPlatform
[2017.11.29-03.42.53:597][  0]LogTemp: Display: Loaded TP Android_PVRTCTargetPlatform
[2017.11.29-03.42.53:640][  0]LogTemp: Display: Loaded TP HTML5TargetPlatform
[2017.11.29-03.42.53:713][  0]LogTemp: Display: Loaded TP IOSTargetPlatform
[2017.11.29-03.42.53:736][  0]LogTemp: Display: Loaded TP TVOSTargetPlatform
[2017.11.29-03.42.53:774][  0]LogTemp: Display: Loaded TP LinuxClientTargetPlatform
[2017.11.29-03.42.53:811][  0]LogTemp: Display: Loaded TP LinuxNoEditorTargetPlatform
[2017.11.29-03.42.53:849][  0]LogTemp: Display: Loaded TP LinuxServerTargetPlatform
[2017.11.29-03.42.53:887][  0]LogTemp: Display: Loaded TP LinuxTargetPlatform
[2017.11.29-03.42.53:887][  0]LogTargetPlatformManager: Display: Building Assets For Windows
[2017.11.29-03.42.54:260][  0]LogDerivedDataCache: Display: Max Cache Size: 512 MB
[2017.11.29-03.42.54:401][  0]LogDerivedDataCache: Loaded boot cache 0.14s 93MB C:/Users/Cameron/AppData/Local/UnrealEngine/4.17/DerivedDataCache/Boot.ddc.
[2017.11.29-03.42.54:401][  0]LogDerivedDataCache: Display: Loaded Boot cache: C:/Users/Cameron/AppData/Local/UnrealEngine/4.17/DerivedDataCache/Boot.ddc
[2017.11.29-03.42.54:401][  0]LogDerivedDataCache: FDerivedDataBackendGraph:  Pak pak cache file C:/Users/Cameron/Documents/PPOutlining/pp/PPOutlining/DerivedDataCache/DDC.ddp not found, will not use a pak cache.
[2017.11.29-03.42.54:401][  0]LogDerivedDataCache: Unable to find inner node Pak for hierarchical cache Hierarchy.
[2017.11.29-03.42.54:401][  0]LogDerivedDataCache: FDerivedDataBackendGraph:  CompressedPak pak cache file C:/Users/Cameron/Documents/PPOutlining/pp/PPOutlining/DerivedDataCache/Compressed.ddp not found, will not use a pak cache.
[2017.11.29-03.42.54:401][  0]LogDerivedDataCache: Unable to find inner node CompressedPak for hierarchical cache Hierarchy.
[2017.11.29-03.42.54:420][  0]LogDerivedDataCache: Display: Pak cache opened for reading ../../../Engine/DerivedDataCache/Compressed.ddp.
[2017.11.29-03.42.54:432][  0]LogDerivedDataCache: Using Local data cache path C:/Users/Cameron/AppData/Local/UnrealEngine/Common/DerivedDataCache: Writable
[2017.11.29-03.42.54:443][  0]LogMaterial: Verifying Global Shaders for PCD3D_SM5
[2017.11.29-03.42.54:443][  0]LogSlate: Using Freetype 2.6.0
[2017.11.29-03.42.54:466][  0]LogSlate: SlateFontCache - WITH_FREETYPE: 1, WITH_HARFBUZZ: 1
[2017.11.29-03.42.54:466][  0]LogSlate: SlateFontCache - WITH_FREETYPE: 1, WITH_HARFBUZZ: 1
[2017.11.29-03.43.11:210][  0]LogAssetRegistry: FAssetRegistry took 0.0256 seconds to start up
[2017.11.29-03.43.11:332][  0]LogInit: Selected Device Profile: [Windows]
[2017.11.29-03.43.12:460][  0]LogSimplygon: Simplygon DLL not present - disabling.
[2017.11.29-03.43.12:585][  0]LogMeshReduction: Using SimplygonSwarm for distributed automatic mesh merging
[2017.11.29-03.43.12:585][  0]LogMeshReduction: Using QuadricMeshReduction for automatic static mesh reduction
[2017.11.29-03.43.12:585][  0]LogMeshReduction: No automatic skeletal mesh reduction module available
[2017.11.29-03.43.12:585][  0]LogMeshReduction: No automatic mesh merging module available
[2017.11.29-03.43.12:585][  0]LogMeshMerging: No automatic mesh merging module available
[2017.11.29-03.43.12:587][  0]LogContentStreaming: Texture pool size is 0.00 MB
[2017.11.29-03.43.13:002][  0]LogNetVersion: PPOutlining , NetCL: 3573198, EngineNetVer: 2, GameNetVer: 0 (Checksum: 1180408051)
[2017.11.29-03.43.13:176][  0]LogPackageLocalizationCache: Processed 5 localized package path(s) for 2 prioritized culture(s) in 0.050371 seconds
[2017.11.29-03.43.13:183][  0]LogUObjectArray: 35825 objects as part of root set at end of initial load.
[2017.11.29-03.43.13:183][  0]LogUObjectAllocator: 7529112 out of 0 bytes used by permanent object pool.
[2017.11.29-03.43.13:183][  0]LogUObjectArray: CloseDisregardForGC: 0/0 objects in disregard for GC pool
[2017.11.29-03.43.13:222][  0]LogInit: WinSock: version 1.1 (2.2), MaxSocks=32767, MaxUdp=65467
[2017.11.29-03.43.23:847][  0]LogTcpMessaging: Initializing TcpMessaging bridge
[2017.11.29-03.43.23:876][  0]LogUdpMessaging: Initializing bridge on interface 0.0.0.0:0 to multicast group 230.0.0.1:6666.
[2017.11.29-03.43.24:338][  0]LogMaterial: Uniform references updated for custom material expression Custom.
[2017.11.29-03.43.24:628][  0]SourceControl: Source control is disabled
[2017.11.29-03.43.24:628][  0]SourceControl: Source control is disabled
[2017.11.29-03.43.24:660][  0]SourceControl: Source control is disabled
[2017.11.29-03.43.24:691][  0]SourceControl: Source control is disabled
[2017.11.29-03.43.25:080][  0]LogAndroidPermission: UAndroidPermissionCallbackProxy::GetInstance
[2017.11.29-03.43.25:241][  0]LogOcInput: OculusInput pre-init called
[2017.11.29-03.43.25:428][  0]LogEngine: Initializing Engine...
[2017.11.29-03.43.25:430][  0]LogHMD: Failed to initialize OpenVR with code 110
[2017.11.29-03.43.25:716][  0]LogStats: UGameplayTagsManager::ConstructGameplayTagTree: Construct from data asset -  0.000 s
[2017.11.29-03.43.25:716][  0]LogStats: UGameplayTagsManager::ConstructGameplayTagTree: GameplayTagTreeChangedEvent.Broadcast -  0.000 s
[2017.11.29-03.43.25:802][  0]LogAIModule: Creating AISystem for world Untitled
[2017.11.29-03.43.25:810][  0]LogInit: XAudio2 using 'Speakers (High Definition Audio Device)' : 2 channels at 48 kHz using 32 bits per sample (channel mask 0x3)
[2017.11.29-03.43.25:819][  0]LogInit: FAudioDevice initialized.
[2017.11.29-03.43.25:892][  0]LogDerivedDataCache: Saved boot cache 0.07s 93MB C:/Users/Cameron/AppData/Local/UnrealEngine/4.17/DerivedDataCache/Boot.ddc.
[2017.11.29-03.43.25:911][  0]LogInit: Texture streaming: Enabled
[2017.11.29-03.43.25:988][  0]LogEngineSessionManager: EngineSessionManager initialized
[2017.11.29-03.43.26:167][  0]LogInit: Transaction tracking system initialized
[2017.11.29-03.43.26:378][  0]BlueprintLog: New page: Editor Load
[2017.11.29-03.43.26:989][  0]LocalizationService: Localization service is disabled
[2017.11.29-03.43.27:546][  0]LogConsoleResponse: Display: 
[2017.11.29-03.43.27:792][  0]LogFileCache: Scanning file cache for directory 'C:/Users/Cameron/Documents/PPOutlining/pp/PPOutlining/Content/' took 0.02s
[2017.11.29-03.43.27:792][  0]LogCook: Display: Max memory allowance for cook 16384mb min free memory 0mb
[2017.11.29-03.43.27:792][  0]LogCook: Display: Mobile HDR setting 1
[2017.11.29-03.43.27:792][  0]LogGameplayTags: Display: UGameplayTagsManager::DoneAddingNativeTags. DelegateIsBound: 0
[2017.11.29-03.43.28:511][  0]SourceControl: Source control is disabled
[2017.11.29-03.43.28:511][  0]Cmd: MAP LOAD FILE="C:/Users/Cameron/Documents/PPOutlining/pp/PPOutlining/Content/StarterContent/Maps/Minimal_Default.umap" TEMPLATE=0 SHOWPROGRESS=1 FEATURELEVEL=3
[2017.11.29-03.43.28:511][  0]LightingResults: New page: Lighting Build
[2017.11.29-03.43.28:541][  0]MapCheck: New page: Map Check
[2017.11.29-03.43.28:541][  0]LightingResults: New page: Lighting Build
[2017.11.29-03.43.29:035][  0]LogAIModule: Creating AISystem for world Minimal_Default
[2017.11.29-03.43.29:210][  0]LogEditorServer: Finished looking for orphan Actors (0.000 secs)
[2017.11.29-03.43.29:281][  0]Cmd: MAP CHECKDEP NOCLEARLOG
[2017.11.29-03.43.29:321][  0]MapCheck: Map check complete: 0 Error(s), 0 Warning(s), took 40.416ms to complete.
[2017.11.29-03.43.29:321][  0]LogFileHelpers: Loading map 'Minimal_Default' took 0.811
[2017.11.29-03.43.29:391][  0]LogWindowsTextInputMethodSystem: Display: IME system now deactivated.
[2017.11.29-03.43.30:162][  0]LogCollectionManager: Loaded 0 collections in 0.000827 seconds
[2017.11.29-03.43.30:335][  0]LogFileCache: Scanning file cache for directory 'C:/Users/Cameron/Documents/PPOutlining/pp/PPOutlining/Saved/Collections/' took 0.01s
[2017.11.29-03.43.30:335][  0]LogFileCache: Scanning file cache for directory 'C:/Users/Cameron/Documents/PPOutlining/pp/PPOutlining/Content/Developers/Cameron/Collections/' took 0.01s
[2017.11.29-03.43.30:335][  0]LogFileCache: Scanning file cache for directory 'C:/Users/Cameron/Documents/PPOutlining/pp/PPOutlining/Content/Collections/' took 0.01s
[2017.11.29-03.43.30:335][  0]LogCollectionManager: Rebuilt the GUID cache for 0 collections in 0.000000 seconds
[2017.11.29-03.43.30:353][  0]LogContentBrowser: Native class hierarchy populated in 0.0169 seconds. Added 2386 classes and 500 folders.
[2017.11.29-03.43.30:491][  0]LogContentBrowser: Native class hierarchy updated for 'WidgetCarousel' in 0.0006 seconds. Added 0 classes and 0 folders.
[2017.11.29-03.43.31:723][  0]LogContentBrowser: Native class hierarchy updated for 'AddContentDialog' in 0.0006 seconds. Added 0 classes and 0 folders.
[2017.11.29-03.43.31:874][  0]LogContentBrowser: Native class hierarchy updated for 'SceneOutliner' in 0.0007 seconds. Added 1 classes and 2 folders.
[2017.11.29-03.43.32:938][  0]LogSlate: Took 0.000252 seconds to synchronously load lazily loaded font '../../../Engine/Content/Slate/Fonts/Roboto-Regular.ttf' (155K)
[2017.11.29-03.43.32:940][  0]LogSlate: Took 0.000181 seconds to synchronously load lazily loaded font '../../../Engine/Content/Slate/Fonts/Roboto-Bold.ttf' (160K)
[2017.11.29-03.43.33:035][  0]LogSlate: Took 0.035884 seconds to synchronously load lazily loaded font '../../../Engine/Content/Editor/Slate/Fonts/FontAwesome.ttf' (139K)
[2017.11.29-03.43.33:730][  0]LogRenderer: Reallocating scene render targets to support 1208x576 Format 10 NumSamples 1 (Frame:1).
[2017.11.29-03.43.34:790][  0]LogContentBrowser: Native class hierarchy updated for 'HierarchicalLODOutliner' in 0.0006 seconds. Added 1 classes and 2 folders.
[2017.11.29-03.43.34:791][  0]LogLoad: (Engine Initialization) Total time: 45.27 seconds
[2017.11.29-03.43.34:791][  0]LogLoad: (Engine Initialization) Total Blueprint compile time: 0.00 seconds
[2017.11.29-03.43.34:791][  0]LogExternalProfiler: No external profilers were discovered.  External profiling features will not be available.
[2017.11.29-03.43.34:853][  0]LogContentStreaming: Texture pool size now 1000 MB
[2017.11.29-03.43.35:149][  0]LogSlate: Took 0.019707 seconds to synchronously load lazily loaded font '../../../Engine/Content/Slate/Fonts/Roboto-Light.ttf' (159K)
[2017.11.29-03.43.35:252][  1]LogAssetRegistry: Asset discovery search completed in 24.0629 seconds
[2017.11.29-03.43.35:254][  1]LogCollectionManager: Rebuilt the object cache for 0 collections in 0.000001 seconds (found 0 objects)
[2017.11.29-03.43.35:254][  1]LogCollectionManager: Fixed up redirectors for 0 collections in 0.000073 seconds (updated 0 objects)
[2017.11.29-03.43.47:547][432]LogEditorViewport: Clicking on Actor (LMB): StaticMeshActor (Cube)
[2017.11.29-03.43.49:806][595]LogEditorViewport: Clicking on Actor (LMB): BP_Sky_Sphere_C (BP_Sky_Sphere)
[2017.11.29-03.44.23:522][486]LogSlate: Took 0.017392 seconds to synchronously load lazily loaded font '../../../Engine/Content/Editor/Slate/Fonts/Roboto-Italic.ttf' (157K)
[2017.11.29-03.44.39:061][109]LogSlate: Took 0.000163 seconds to synchronously load lazily loaded font '../../../Engine/Content/Slate/Fonts/Roboto-Light.ttf' (159K)
[2017.11.29-03.44.39:156][109]LogContentBrowser: Native class hierarchy updated for 'MaterialEditor' in 0.0007 seconds. Added 1 classes and 0 folders.
[2017.11.29-03.44.44:979][626]TextureStreamingBuild: Display: Compiling optional shaders took 0.016 seconds.
[2017.11.29-03.44.46:642][806]LogTemp: Repeating last play command: Selected Viewport
[2017.11.29-03.44.46:723][806]LogBlueprintUserMessages: Early PlayInEditor Detection: Level '/Game/StarterContent/Maps/Minimal_Default.Minimal_Default:PersistentLevel' has LevelScriptBlueprint '/Game/StarterContent/Maps/Minimal_Default.Minimal_Default:PersistentLevel.Minimal_Default' with GeneratedClass '/Game/StarterContent/Maps/Minimal_Default.Minimal_Default_C' with ClassGeneratedBy '/Game/StarterContent/Maps/Minimal_Default.Minimal_Default:PersistentLevel.Minimal_Default'
[2017.11.29-03.44.46:736][806]LogPlayLevel: PlayLevel: No blueprints needed recompiling
[2017.11.29-03.44.46:804][806]PIE: New page: PIE session: Minimal_Default (Nov 28, 2017, 5:44:46 PM)
[2017.11.29-03.44.46:816][806]LogPlayLevel: Creating play world package: /Game/StarterContent/Maps/UEDPIE_0_Minimal_Default
[2017.11.29-03.44.46:868][806]LogPlayLevel: PIE: StaticDuplicateObject took: (0.051560s)
[2017.11.29-03.44.46:869][806]LogAIModule: Creating AISystem for world Minimal_Default
[2017.11.29-03.44.46:869][806]LogPlayLevel: PIE: World Init took: (0.000707s)
[2017.11.29-03.44.46:878][806]LogPlayLevel: PIE: Created PIE world by copying editor world from /Game/StarterContent/Maps/Minimal_Default.Minimal_Default to /Game/StarterContent/Maps/UEDPIE_0_Minimal_Default.Minimal_Default (0.067126s)
[2017.11.29-03.44.46:907][806]LogInit: XAudio2 using 'Speakers (High Definition Audio Device)' : 2 channels at 48 kHz using 32 bits per sample (channel mask 0x3)
[2017.11.29-03.44.46:914][806]LogInit: FAudioDevice initialized.
[2017.11.29-03.44.46:988][806]LogLoad: Game class is 'GameModeBase'
[2017.11.29-03.44.47:145][806]LogWorld: Bringing World /Game/StarterContent/Maps/UEDPIE_0_Minimal_Default.Minimal_Default up for play (max tick rate 0) at 2017.11.28-22.44.47
[2017.11.29-03.44.47:166][806]LogWorld: Bringing up level for play took: 0.021410
[2017.11.29-03.44.47:399][806]LogContentBrowser: Native class hierarchy updated for 'MovieSceneCapture' in 0.0007 seconds. Added 11 classes and 0 folders.
[2017.11.29-03.44.47:488][806]PIE: Play in editor start time for /Game/StarterContent/Maps/UEDPIE_0_Minimal_Default -0.143
[2017.11.29-03.44.47:488][806]LogBlueprintUserMessages: Late PlayInEditor Detection: Level '/Game/StarterContent/Maps/Minimal_Default.Minimal_Default:PersistentLevel' has LevelScriptBlueprint '/Game/StarterContent/Maps/Minimal_Default.Minimal_Default:PersistentLevel.Minimal_Default' with GeneratedClass '/Game/StarterContent/Maps/Minimal_Default.Minimal_Default_C' with ClassGeneratedBy '/Game/StarterContent/Maps/Minimal_Default.Minimal_Default:PersistentLevel.Minimal_Default'
[2017.11.29-03.45.26:021][ 51]LogBlueprintUserMessages: Early EndPlayMap Detection: Level '/Game/StarterContent/Maps/Minimal_Default.Minimal_Default:PersistentLevel' has LevelScriptBlueprint '/Game/StarterContent/Maps/Minimal_Default.Minimal_Default:PersistentLevel.Minimal_Default' with GeneratedClass '/Game/StarterContent/Maps/Minimal_Default.Minimal_Default_C' with ClassGeneratedBy '/Game/StarterContent/Maps/Minimal_Default.Minimal_Default:PersistentLevel.Minimal_Default'
[2017.11.29-03.45.26:058][ 51]LogBlueprintUserMessages: Late EndPlayMap Detection: Level '/Game/StarterContent/Maps/Minimal_Default.Minimal_Default:PersistentLevel' has LevelScriptBlueprint '/Game/StarterContent/Maps/Minimal_Default.Minimal_Default:PersistentLevel.Minimal_Default' with GeneratedClass '/Game/StarterContent/Maps/Minimal_Default.Minimal_Default_C' with ClassGeneratedBy '/Game/StarterContent/Maps/Minimal_Default.Minimal_Default:PersistentLevel.Minimal_Default'
[2017.11.29-03.47.02:451][645]LogEditorViewport: Clicking on Actor (LMB): StaticMeshActor (Plane)
[2017.11.29-03.47.09:998][502]LogMaterial: Missing cached shader map for material PPOutline, compiling. 
[2017.11.29-03.47.10:333][502]LogMaterial: Missing cached shader map for material PPOutline, compiling. 
[2017.11.29-03.47.10:360][502]LogMaterial: Missing cached shader map for material PPOutline, compiling. 
[2017.11.29-03.47.10:393][502]LogMaterial: Missing cached shader map for material FMatExpressionPreview MaterialExpressionVectorParameter_0, compiling. 
[2017.11.29-03.47.10:446][502]LogSlate: Took 0.039378 seconds to synchronously load lazily loaded font '../../../Engine/Content/Editor/Slate/Fonts/Roboto-BoldCondensed.ttf' (158K)
[2017.11.29-03.47.14:496][627]MaterialEditorStats: Base pass shader without light map: 101 instructions
[2017.11.29-03.47.14:497][627]MaterialEditorStats: Vertex shader: 29 instructions
[2017.11.29-03.47.14:497][627]MaterialEditorStats: Texture samplers: 2/16
[2017.11.29-03.49.12:304][376]LogMaterial: Missing cached shader map for material PreviewMaterial_0, compiling. 
[2017.11.29-03.49.12:386][376]LogMaterial: Missing cached shader map for material PreviewMaterial_0, compiling. 
[2017.11.29-03.49.12:393][376]LogMaterial: Missing cached shader map for material PreviewMaterial_0, compiling. 
[2017.11.29-03.49.12:425][376]LogMaterial: Missing cached shader map for material FMatExpressionPreview MaterialExpressionVectorParameter_0, compiling. 
[2017.11.29-03.49.13:785][454]MaterialEditorStats: Base pass shader without light map: 101 instructions
[2017.11.29-03.49.13:785][454]MaterialEditorStats: Vertex shader: 29 instructions
[2017.11.29-03.49.13:785][454]MaterialEditorStats: Texture samplers: 2/16
[2017.11.29-03.50.22:461][895]TextureStreamingBuild: Display: Compiling optional shaders took 0.000 seconds.
[2017.11.29-03.53.11:392][483]LogEditorViewport: Clicking on Actor (LMB): BP_Sky_Sphere_C (BP_Sky_Sphere)
[2017.11.29-03.54.05:657][506]LogSlate: Took 0.001637 seconds to synchronously load lazily loaded font '../../../Engine/Content/Slate/Fonts/Roboto-Light.ttf' (159K)
[2017.11.29-03.54.14:638][532]LogSavePackage: Save=234.15ms
[2017.11.29-03.54.14:638][532]LogSavePackage: Moving 'C:/Users/Cameron/Documents/PPOutlining/pp/PPOutlining/Saved/Minimal_Default_Auto12DCD67DC4EAD585D829870846B109CA3.tmp' to 'C:/Users/Cameron/Documents/PPOutlining/pp/PPOutlining/Saved/Autosaves/Game/StarterContent/Maps/Minimal_Default_Auto1.umap'
[2017.11.29-03.54.14:639][532]LogSavePackage: Display: Finished SavePackage C:/Users/Cameron/Documents/PPOutlining/pp/PPOutlining/Saved/Autosaves/Game/StarterContent/Maps/Minimal_Default_Auto1.umap
[2017.11.29-03.54.14:656][532]LogFileHelpers: Editor autosave (incl. sublevels) for '/Game/StarterContent/Maps/Minimal_Default' took 0.346
[2017.11.29-03.54.14:656][532]LogFileHelpers: Editor autosave (incl. sublevels) for all levels took 0.346
[2017.11.29-03.54.14:663][532]OBJ SavePackage: Generating thumbnails for [1] asset(s) in package [/Game/StarterContent/Maps/PPOutline_Inst] ([1] browsable assets)...
[2017.11.29-03.54.14:700][532]OBJ SavePackage:     Rendered thumbnail for [MaterialInstanceConstant /Game/StarterContent/Maps/PPOutline_Inst.PPOutline_Inst]
[2017.11.29-03.54.14:700][532]OBJ SavePackage: Finished generating thumbnails for package [/Game/StarterContent/Maps/PPOutline_Inst]
[2017.11.29-03.54.14:754][532]LogSavePackage: Save=47.13ms
[2017.11.29-03.54.14:755][532]LogSavePackage: Moving 'C:/Users/Cameron/Documents/PPOutlining/pp/PPOutlining/Saved/PPOutline_Inst_Auto1BB49ADED4FE95E4225A9D084A9FE8688.tmp' to 'C:/Users/Cameron/Documents/PPOutlining/pp/PPOutlining/Saved/Autosaves/Game/StarterContent/Maps/PPOutline_Inst_Auto1.uasset'
[2017.11.29-03.54.14:756][532]LogSavePackage: Display: Finished SavePackage C:/Users/Cameron/Documents/PPOutlining/pp/PPOutlining/Saved/Autosaves/Game/StarterContent/Maps/PPOutline_Inst_Auto1.uasset
[2017.11.29-03.54.14:756][532]LogFileHelpers: Auto-saving content packages took 0.095
[2017.11.29-04.04.31:351][440]LogSavePackage: Save=38.73ms
[2017.11.29-04.04.31:351][440]LogSavePackage: Moving 'C:/Users/Cameron/Documents/PPOutlining/pp/PPOutlining/Saved/Minimal_DefaultB4DC335744D2C3C8FD032794075277C4.tmp' to 'C:/Users/Cameron/Documents/PPOutlining/pp/PPOutlining/Content/StarterContent/Maps/Minimal_Default.umap'
[2017.11.29-04.04.31:357][440]LogSavePackage: Display: Finished SavePackage C:/Users/Cameron/Documents/PPOutlining/pp/PPOutlining/Content/StarterContent/Maps/Minimal_Default.umap
[2017.11.29-04.04.31:437][440]LogFileHelpers: Saving map 'Minimal_Default' took 0.189
[2017.11.29-04.04.31:439][440]Cmd: OBJ SAVEPACKAGE PACKAGE="/Game/StarterContent/Maps/PPOutline_Inst" FILE="C:/Users/Cameron/Documents/PPOutlining/pp/PPOutlining/Content/StarterContent/Maps/PPOutline_Inst.uasset" SILENT=true
[2017.11.29-04.04.31:454][440]LogSavePackage: Save=7.92ms
[2017.11.29-04.04.31:454][440]LogSavePackage: Moving 'C:/Users/Cameron/Documents/PPOutlining/pp/PPOutlining/Saved/PPOutline_Inst5DF64ECB48AC2388294F1F947AAA9266.tmp' to 'C:/Users/Cameron/Documents/PPOutlining/pp/PPOutlining/Content/StarterContent/Maps/PPOutline_Inst.uasset'
[2017.11.29-04.04.31:459][440]LogSavePackage: Display: Finished SavePackage C:/Users/Cameron/Documents/PPOutlining/pp/PPOutlining/Content/StarterContent/Maps/PPOutline_Inst.uasset
[2017.11.29-04.04.32:074][441]Cmd: QUIT_EDITOR
[2017.11.29-04.04.33:120][441]LogWindowsTextInputMethodSystem: Display: IME system now deactivated.
[2017.11.29-04.04.33:171][441]LogExit: Preparing to exit.
[2017.11.29-04.04.34:671][441]LogExit: Editor shut down
[2017.11.29-04.04.34:676][441]LogExit: Transaction tracking system shut down
[2017.11.29-04.04.34:933][441]LogDirectoryWatcher: A directory notification for '../../../Engine/Content/' was aborted.
[2017.11.29-04.04.34:933][441]LogDirectoryWatcher: A directory notification for 'C:/Users/Cameron/Documents/PPOutlining/pp/PPOutlining/Content/' was aborted.
[2017.11.29-04.04.34:933][441]LogDirectoryWatcher: A directory notification for '../../../Engine/Plugins/2D/Paper2D/Content/' was aborted.
[2017.11.29-04.04.34:933][441]LogDirectoryWatcher: A directory notification for '../../../Engine/Plugins/Runtime/Oculus/OculusVR/Content/' was aborted.
[2017.11.29-04.04.34:933][441]LogDirectoryWatcher: A directory notification for '../../../Engine/Plugins/Runtime/Steam/SteamVR/Content/' was aborted.
[2017.11.29-04.04.35:975][441]LogExit: Object subsystem successfully closed.
[2017.11.29-04.04.36:162][441]LogD3D11RHI: Shutdown
[2017.11.29-04.04.36:176][441]LogD3D11RHI: CleanupD3DDevice
[2017.11.29-04.04.36:397][441]LogD3D11RHI: ~FD3D11DynamicRHI
[2017.11.29-04.04.36:873][441]LogModuleManager: Shutting down and abandoning module MovieSceneCapture (534)
[2017.11.29-04.04.36:873][441]LogModuleManager: Shutting down and abandoning module MaterialEditor (532)
[2017.11.29-04.04.36:873][441]LogModuleManager: Shutting down and abandoning module HierarchicalLODOutliner (530)
[2017.11.29-04.04.36:873][441]LogModuleManager: Shutting down and abandoning module SceneOutliner (528)
[2017.11.29-04.04.36:889][441]LogModuleManager: Shutting down and abandoning module AddContentDialog (526)
[2017.11.29-04.04.36:910][441]LogDirectoryWatcher: A directory notification for 'D:/Games/UE_4.17/FeaturePacks/' was aborted.
[2017.11.29-04.04.36:927][441]LogModuleManager: Shutting down and abandoning module WidgetCarousel (525)
[2017.11.29-04.04.36:927][441]LogModuleManager: Shutting down and abandoning module EditorWidgets (522)
[2017.11.29-04.04.36:927][441]LogModuleManager: Shutting down and abandoning module CollectionManager (520)
[2017.11.29-04.04.36:927][441]LogDirectoryWatcher: A directory notification for 'C:/Users/Cameron/Documents/PPOutlining/pp/PPOutlining/Content/Collections/' was aborted.
[2017.11.29-04.04.36:928][441]LogDirectoryWatcher: A directory notification for 'C:/Users/Cameron/Documents/PPOutlining/pp/PPOutlining/Content/Developers/Cameron/Collections/' was aborted.
[2017.11.29-04.04.36:928][441]LogDirectoryWatcher: A directory notification for 'C:/Users/Cameron/Documents/PPOutlining/pp/PPOutlining/Saved/Collections/' was aborted.
[2017.11.29-04.04.36:928][441]LogModuleManager: Shutting down and abandoning module StatsViewer (518)
[2017.11.29-04.04.36:951][441]LogModuleManager: Shutting down and abandoning module FoliageEdit (516)
[2017.11.29-04.04.36:951][441]LogModuleManager: Shutting down and abandoning module LandscapeEditor (514)
[2017.11.29-04.04.36:960][441]LogModuleManager: Shutting down and abandoning module MeshPaintMode (512)
[2017.11.29-04.04.36:960][441]LogModuleManager: Shutting down and abandoning module SceneDepthPickerMode (510)
[2017.11.29-04.04.36:960][441]LogModuleManager: Shutting down and abandoning module ActorPickerMode (508)
[2017.11.29-04.04.36:960][441]LogModuleManager: Shutting down and abandoning module GeometryMode (506)
[2017.11.29-04.04.36:960][441]LogModuleManager: Shutting down and abandoning module TextureAlignMode (504)
[2017.11.29-04.04.36:960][441]LogModuleManager: Shutting down and abandoning module BspMode (502)
[2017.11.29-04.04.36:960][441]LogModuleManager: Shutting down and abandoning module PIEPreviewDeviceProfileSelector (500)
[2017.11.29-04.04.36:960][441]LogModuleManager: Shutting down and abandoning module HardwareSurvey (498)
[2017.11.29-04.04.36:960][441]LogModuleManager: Shutting down and abandoning module SequenceRecorderSections (496)
[2017.11.29-04.04.36:960][441]LogModuleManager: Shutting down and abandoning module AutomationWorker (494)
[2017.11.29-04.04.36:960][441]LogModuleManager: Shutting down and abandoning module MatineeToLevelSequence (492)
[2017.11.29-04.04.36:960][441]LogModuleManager: Shutting down and abandoning module LevelSequenceEditor (490)
[2017.11.29-04.04.36:976][441]LogModuleManager: Shutting down and abandoning module PlacementMode (489)
[2017.11.29-04.04.36:976][441]LogModuleManager: Shutting down and abandoning module WmfMediaFactory (486)
[2017.11.29-04.04.36:976][441]LogModuleManager: Shutting down and abandoning module WmfMediaEditor (484)
[2017.11.29-04.04.36:976][441]LogModuleManager: Shutting down and abandoning module AvfMediaFactory (482)
[2017.11.29-04.04.36:976][441]LogModuleManager: Shutting down and abandoning module AvfMediaEditor (480)
[2017.11.29-04.04.36:976][441]LogModuleManager: Shutting down and abandoning module AndroidMediaFactory (478)
[2017.11.29-04.04.36:976][441]LogModuleManager: Shutting down and abandoning module Media (477)
[2017.11.29-04.04.36:976][441]LogModuleManager: Shutting down and abandoning module AndroidMediaEditor (474)
[2017.11.29-04.04.36:976][441]LogModuleManager: Shutting down and abandoning module CharacterAI (472)
[2017.11.29-04.04.36:976][441]LogModuleManager: Shutting down and abandoning module AudioCapture (470)
[2017.11.29-04.04.36:976][441]LogModuleManager: Shutting down and abandoning module SequenceRecorder (469)
[2017.11.29-04.04.36:994][441]LogModuleManager: Shutting down and abandoning module SmartSnapping (466)
[2017.11.29-04.04.36:994][441]LogModuleManager: Shutting down and abandoning module SessionServices (464)
[2017.11.29-04.04.36:994][441]LogModuleManager: Shutting down and abandoning module ViewportSnapping (462)
[2017.11.29-04.04.36:994][441]LogModuleManager: Shutting down and abandoning module ViewportInteraction (460)
[2017.11.29-04.04.36:994][441]LogModuleManager: Shutting down and abandoning module ClothPainter (458)
[2017.11.29-04.04.37:007][441]LogModuleManager: Shutting down and abandoning module LogVisualizer (456)
[2017.11.29-04.04.37:008][441]LogModuleManager: Shutting down and abandoning module IntroTutorials (454)
[2017.11.29-04.04.37:008][441]LogModuleManager: Shutting down and abandoning module GameProjectGeneration (453)
[2017.11.29-04.04.37:043][441]LogModuleManager: Shutting down and abandoning module IOSPlatformEditor (450)
[2017.11.29-04.04.37:043][441]LogModuleManager: Shutting down and abandoning module HTML5PlatformEditor (448)
[2017.11.29-04.04.37:043][441]LogModuleManager: Shutting down and abandoning module AndroidPlatformEditor (446)
[2017.11.29-04.04.37:043][441]LogModuleManager: Shutting down and abandoning module AndroidDeviceDetection (445)
[2017.11.29-04.04.37:726][441]LogModuleManager: Shutting down and abandoning module WindowsPlatformEditor (442)
[2017.11.29-04.04.37:726][441]LogModuleManager: Shutting down and abandoning module IOSRuntimeSettings (440)
[2017.11.29-04.04.37:726][441]LogModuleManager: Shutting down and abandoning module AndroidRuntimeSettings (438)
[2017.11.29-04.04.37:726][441]LogModuleManager: Shutting down and abandoning module InputBindingEditor (436)
[2017.11.29-04.04.37:726][441]LogModuleManager: Shutting down and abandoning module MergeActors (434)
[2017.11.29-04.04.37:726][441]LogModuleManager: Shutting down and abandoning module SizeMap (432)
[2017.11.29-04.04.37:726][441]LogModuleManager: Shutting down and abandoning module TreeMap (430)
[2017.11.29-04.04.37:726][441]LogModuleManager: Shutting down and abandoning module ReferenceViewer (428)
[2017.11.29-04.04.37:726][441]LogModuleManager: Shutting down and abandoning module LocalizationDashboard (426)
[2017.11.29-04.04.37:726][441]LogModuleManager: Shutting down and abandoning module LocalizationService (425)
[2017.11.29-04.04.37:726][441]LogModuleManager: Shutting down and abandoning module HardwareTargeting (422)
[2017.11.29-04.04.37:726][441]LogModuleManager: Shutting down and abandoning module DeviceProfileEditor (420)
[2017.11.29-04.04.37:726][441]LogModuleManager: Shutting down and abandoning module UndoHistory (418)
[2017.11.29-04.04.37:726][441]LogModuleManager: Shutting down and abandoning module XmlParser (416)
[2017.11.29-04.04.37:726][441]LogModuleManager: Shutting down and abandoning module Blutility (414)
[2017.11.29-04.04.37:726][441]LogModuleManager: Shutting down and abandoning module ProjectSettingsViewer (412)
[2017.11.29-04.04.37:726][441]LogModuleManager: Shutting down and abandoning module ProjectTargetPlatformEditor (411)
[2017.11.29-04.04.37:727][441]LogModuleManager: Shutting down and abandoning module EditorSettingsViewer (408)
[2017.11.29-04.04.37:727][441]LogModuleManager: Shutting down and abandoning module SettingsEditor (406)
[2017.11.29-04.04.37:727][441]LogModuleManager: Shutting down and abandoning module ProjectLauncher (404)
[2017.11.29-04.04.37:727][441]LogModuleManager: Shutting down and abandoning module SessionFrontend (402)
[2017.11.29-04.04.37:727][441]LogModuleManager: Shutting down and abandoning module ProfilerClient (400)
[2017.11.29-04.04.37:727][441]LogModuleManager: Shutting down and abandoning module DeviceManager (398)
[2017.11.29-04.04.37:727][441]LogModuleManager: Shutting down and abandoning module TargetDeviceServices (397)
[2017.11.29-04.04.37:788][441]LogModuleManager: Shutting down and abandoning module AutomationController (394)
[2017.11.29-04.04.37:788][441]LogModuleManager: Shutting down and abandoning module AutomationWindow (392)
[2017.11.29-04.04.37:788][441]LogModuleManager: Shutting down and abandoning module Layers (390)
[2017.11.29-04.04.37:788][441]LogModuleManager: Shutting down and abandoning module ComponentVisualizers (388)
[2017.11.29-04.04.37:788][441]LogModuleManager: Shutting down and abandoning module DetailCustomizations (386)
[2017.11.29-04.04.37:800][441]LogModuleManager: Shutting down and abandoning module PackagesDialog (384)
[2017.11.29-04.04.37:800][441]LogModuleManager: Shutting down and abandoning module Persona (382)
[2017.11.29-04.04.37:814][441]LogModuleManager: Shutting down and abandoning module AdvancedPreviewScene (381)
[2017.11.29-04.04.37:814][441]LogModuleManager: Shutting down and abandoning module AnimGraph (379)
[2017.11.29-04.04.37:815][441]LogModuleManager: Shutting down and abandoning module Kismet (376)
[2017.11.29-04.04.37:838][441]LogModuleManager: Shutting down and abandoning module ClassViewer (374)
[2017.11.29-04.04.37:838][441]LogModuleManager: Shutting down and abandoning module Toolbox (372)
[2017.11.29-04.04.37:838][441]LogModuleManager: Shutting down and abandoning module ModuleUI (370)
[2017.11.29-04.04.37:838][441]LogModuleManager: Shutting down and abandoning module MovieSceneTools (368)
[2017.11.29-04.04.37:865][441]LogModuleManager: Shutting down and abandoning module OutputLog (366)
[2017.11.29-04.04.37:865][441]LogModuleManager: Shutting down and abandoning module GammaUI (364)
[2017.11.29-04.04.37:865][441]LogModuleManager: Shutting down and abandoning module Documentation (362)
[2017.11.29-04.04.37:865][441]LogModuleManager: Shutting down and abandoning module MovieSceneTracks (360)
[2017.11.29-04.04.37:865][441]LogModuleManager: Shutting down and abandoning module MovieScene (358)
[2017.11.29-04.04.37:865][441]LogModuleManager: Shutting down and abandoning module Niagara (356)
[2017.11.29-04.04.37:865][441]LogModuleManager: Shutting down and abandoning module NiagaraEditor (355)
[2017.11.29-04.04.37:865][441]LogModuleManager: Shutting down and abandoning module StreamingPauseRendering (352)
[2017.11.29-04.04.37:865][441]LogModuleManager: Shutting down and abandoning module LauncherPlatform (350)
[2017.11.29-04.04.37:865][441]LogModuleManager: Shutting down and abandoning module AnalyticsET (348)
[2017.11.29-04.04.37:865][441]LogModuleManager: Shutting down and abandoning module PortalServices (346)
[2017.11.29-04.04.37:865][441]LogModuleManager: Shutting down and abandoning module PortalRpc (344)
[2017.11.29-04.04.37:865][441]LogModuleManager: Shutting down and abandoning module MessagingRpc (342)
[2017.11.29-04.04.37:865][441]LogModuleManager: Shutting down and abandoning module AIModule (340)
[2017.11.29-04.04.37:865][441]LogModuleManager: Shutting down and abandoning module GameplayDebugger (339)
[2017.11.29-04.04.37:865][441]LogModuleManager: Shutting down and abandoning module AITestSuite (337)
[2017.11.29-04.04.37:865][441]LogModuleManager: Shutting down and abandoning module ProfilerService (334)
[2017.11.29-04.04.38:113][441]LogModuleManager: Shutting down and abandoning module TaskGraph (332)
[2017.11.29-04.04.38:113][441]LogModuleManager: Shutting down and abandoning module SteamVRController (330)
[2017.11.29-04.04.38:113][441]LogModuleManager: Shutting down and abandoning module ProceduralMeshComponentEditor (328)
[2017.11.29-04.04.38:113][441]LogModuleManager: Shutting down and abandoning module ProceduralMeshComponent (326)
[2017.11.29-04.04.38:113][441]LogModuleManager: Shutting down and abandoning module OculusInput (324)
[2017.11.29-04.04.38:113][441]LogModuleManager: Shutting down and abandoning module MobilePatchingUtils (322)
[2017.11.29-04.04.38:113][441]LogModuleManager: Shutting down and abandoning module CustomMeshComponent (320)
[2017.11.29-04.04.38:113][441]LogModuleManager: Shutting down and abandoning module CableComponent (318)
[2017.11.29-04.04.38:113][441]LogModuleManager: Shutting down and abandoning module ArchVisCharacter (316)
[2017.11.29-04.04.38:113][441]LogModuleManager: Shutting down and abandoning module AndroidPermission (314)
[2017.11.29-04.04.38:113][441]LogModuleManager: Shutting down and abandoning module MediaPlayerEditor (310)
[2017.11.29-04.04.38:113][441]LogModuleManager: Shutting down and abandoning module HTML5Networking (308)
[2017.11.29-04.04.38:113][441]LogModuleManager: Shutting down and abandoning module AlembicImporter (306)
[2017.11.29-04.04.38:113][441]LogModuleManager: Shutting down and abandoning module AlembicLibrary (305)
[2017.11.29-04.04.38:113][441]LogModuleManager: Shutting down and abandoning module GeometryCache (304)
[2017.11.29-04.04.38:113][441]LogModuleManager: Shutting down and abandoning module GeometryCacheEd (303)
[2017.11.29-04.04.38:113][441]LogModuleManager: Shutting down and abandoning module SpeedTreeImporter (298)
[2017.11.29-04.04.38:113][441]LogModuleManager: Shutting down and abandoning module PluginBrowser (296)
[2017.11.29-04.04.38:113][441]LogModuleManager: Shutting down and abandoning module MobileLauncherProfileWizard (294)
[2017.11.29-04.04.38:113][441]LogModuleManager: Shutting down and abandoning module VisualStudioSourceCodeAccess (292)
[2017.11.29-04.04.38:113][441]LogModuleManager: Shutting down and abandoning module DesktopPlatform (291)
[2017.11.29-04.04.38:131][441]LogModuleManager: Shutting down and abandoning module UObjectPlugin (288)
[2017.11.29-04.04.38:131][441]LogModuleManager: Shutting down and abandoning module SubversionSourceControl (286)
[2017.11.29-04.04.38:131][441]LogModuleManager: Shutting down and abandoning module PerforceSourceControl (284)
[2017.11.29-04.04.38:131][441]LogModuleManager: Shutting down and abandoning module GitSourceControl (282)
[2017.11.29-04.04.38:131][441]LogModuleManager: Shutting down and abandoning module SourceControl (281)
[2017.11.29-04.04.38:151][441]LogModuleManager: Shutting down and abandoning module LightPropagationVolumeEditor (278)
[2017.11.29-04.04.38:151][441]LogModuleManager: Shutting down and abandoning module PaperTiledImporter (276)
[2017.11.29-04.04.38:151][441]LogModuleManager: Shutting down and abandoning module PaperSpriteSheetImporter (274)
[2017.11.29-04.04.38:151][441]LogModuleManager: Shutting down and abandoning module Paper2DEditor (272)
[2017.11.29-04.04.38:151][441]LogModuleManager: Shutting down and abandoning module MeshPaint (271)
[2017.11.29-04.04.38:151][441]LogModuleManager: Shutting down and abandoning module LevelEditor (269)
[2017.11.29-04.04.38:164][441]LogModuleManager: Shutting down and abandoning module PixelInspectorModule (268)
[2017.11.29-04.04.38:164][441]LogModuleManager: Shutting down and abandoning module MainFrame (266)
[2017.11.29-04.04.38:164][441]LogModuleManager: Shutting down and abandoning module HotReload (265)
[2017.11.29-04.04.38:165][441]LogModuleManager: Shutting down and abandoning module RuntimePhysXCooking (260)
[2017.11.29-04.04.38:165][441]LogModuleManager: Shutting down and abandoning module PhysXVehiclesEditor (258)
[2017.11.29-04.04.38:165][441]LogModuleManager: Shutting down and abandoning module PhysXVehicles (256)
[2017.11.29-04.04.38:165][441]LogModuleManager: Shutting down and abandoning module OculusEditor (254)
[2017.11.29-04.04.38:165][441]LogModuleManager: Shutting down and abandoning module LocationServicesBPLibrary (252)
[2017.11.29-04.04.38:165][441]LogModuleManager: Shutting down and abandoning module ImmediatePhysicsEditor (250)
[2017.11.29-04.04.38:165][441]LogModuleManager: Shutting down and abandoning module ImmediatePhysics (248)
[2017.11.29-04.04.38:165][441]LogModuleManager: Shutting down and abandoning module UdpMessaging (246)
[2017.11.29-04.04.38:266][441]LogModuleManager: Shutting down and abandoning module TcpMessaging (244)
[2017.11.29-04.04.38:366][441]LogModuleManager: Shutting down and abandoning module GameplayTagsEditor (242)
[2017.11.29-04.04.38:366][441]LogModuleManager: Shutting down and abandoning module FacialAnimationEditor (240)
[2017.11.29-04.04.38:366][441]LogModuleManager: Shutting down and abandoning module FacialAnimation (238)
[2017.11.29-04.04.38:366][441]LogModuleManager: Shutting down and abandoning module AssetManagerEditor (236)
[2017.11.29-04.04.38:366][441]LogModuleManager: Shutting down and abandoning module GraphEditor (235)
[2017.11.29-04.04.38:366][441]LogModuleManager: Shutting down and abandoning module ContentBrowser (233)
[2017.11.29-04.04.38:367][441]LogModuleManager: Shutting down and abandoning module LightPropagationVolumeRuntime (230)
[2017.11.29-04.04.38:367][441]LogModuleManager: Shutting down and abandoning module Paper2D (228)
[2017.11.29-04.04.38:367][441]LogModuleManager: Shutting down and abandoning module WindowsMoviePlayer (226)
[2017.11.29-04.04.38:367][441]LogModuleManager: Shutting down and abandoning module WmfMedia (224)
[2017.11.29-04.04.38:367][441]LogModuleManager: Shutting down and abandoning module PacketHandler (222)
[2017.11.29-04.04.38:367][441]LogModuleManager: Shutting down and abandoning module ClothingSystemEditor (220)
[2017.11.29-04.04.38:367][441]LogModuleManager: Shutting down and abandoning module ClothingSystemRuntime (218)
[2017.11.29-04.04.38:375][441]LogModuleManager: Shutting down and abandoning module Overlay (216)
[2017.11.29-04.04.38:376][441]LogModuleManager: Shutting down and abandoning module OverlayEditor (215)
[2017.11.29-04.04.38:376][441]LogModuleManager: Shutting down and abandoning module MediaAssets (212)
[2017.11.29-04.04.38:376][441]LogModuleManager: Shutting down and abandoning module VREditor (210)
[2017.11.29-04.04.38:376][441]LogModuleManager: Shutting down and abandoning module StringTableEditor (208)
[2017.11.29-04.04.38:376][441]LogModuleManager: Shutting down and abandoning module GameplayTasksEditor (206)
[2017.11.29-04.04.38:376][441]LogModuleManager: Shutting down and abandoning module BehaviorTreeEditor (204)
[2017.11.29-04.04.38:376][441]LogModuleManager: Shutting down and abandoning module FunctionalTesting (202)
[2017.11.29-04.04.38:376][441]LogModuleManager: Shutting down and abandoning module CollisionAnalyzer (200)
[2017.11.29-04.04.38:376][441]LogModuleManager: Shutting down and abandoning module WorkspaceMenuStructure (199)
[2017.11.29-04.04.38:376][441]LogModuleManager: Shutting down and abandoning module UMG (196)
[2017.11.29-04.04.38:397][441]LogModuleManager: Shutting down and abandoning module UMGEditor (195)
[2017.11.29-04.04.38:427][441]LogModuleManager: Shutting down and abandoning module Sequencer (194)
[2017.11.29-04.04.38:445][441]LogModuleManager: Shutting down and abandoning module MessageLog (191)
[2017.11.29-04.04.38:445][441]LogModuleManager: Shutting down and abandoning module SlateReflector (186)
[2017.11.29-04.04.38:445][441]LogModuleManager: Shutting down and abandoning module Slate (184)
[2017.11.29-04.04.38:445][441]LogModuleManager: Shutting down and abandoning module EditorStyle (182)
[2017.11.29-04.04.38:447][441]LogModuleManager: Shutting down and abandoning module MRMesh (180)
[2017.11.29-04.04.38:447][441]LogModuleManager: Shutting down and abandoning module SourceCodeAccess (178)
[2017.11.29-04.04.38:447][441]LogModuleManager: Shutting down and abandoning module HeadMountedDisplay (176)
[2017.11.29-04.04.38:447][441]LogModuleManager: Shutting down and abandoning module XAudio2 (174)
[2017.11.29-04.04.38:447][441]LogModuleManager: Shutting down and abandoning module Networking (172)
[2017.11.29-04.04.38:447][441]LogModuleManager: Shutting down and abandoning module Core (168)
[2017.11.29-04.04.38:447][441]LogModuleManager: Shutting down and abandoning module KismetCompiler (164)
[2017.11.29-04.04.38:447][441]LogModuleManager: Shutting down and abandoning module LevelSequence (162)
[2017.11.29-04.04.38:447][441]LogModuleManager: Shutting down and abandoning module MeshUtilities (160)
[2017.11.29-04.04.38:466][441]LogModuleManager: Shutting down and abandoning module MeshMergeUtilities (159)
[2017.11.29-04.04.38:477][441]LogModuleManager: Shutting down and abandoning module MeshReductionInterface (158)
[2017.11.29-04.04.38:477][441]LogModuleManager: Shutting down and abandoning module SimplygonSwarm (157)
[2017.11.29-04.04.38:493][441]LogModuleManager: Shutting down and abandoning module SimplygonMeshReduction (155)
[2017.11.29-04.04.38:494][441]LogModuleManager: Shutting down and abandoning module QuadricMeshReduction (153)
[2017.11.29-04.04.38:513][441]LogModuleManager: Shutting down and abandoning module MaterialBaking (149)
[2017.11.29-04.04.38:530][441]LogModuleManager: Shutting down and abandoning module DirectoryWatcher (146)
[2017.11.29-04.04.38:530][441]LogModuleManager: Shutting down and abandoning module DerivedDataCache (144)
[2017.11.29-04.04.38:588][441]LogDerivedDataCache: Shutdown
[2017.11.29-04.04.38:597][441]LogModuleManager: Shutting down and abandoning module TargetPlatform (142)
[2017.11.29-04.04.38:597][441]LogModuleManager: Shutting down and abandoning module VulkanShaderFormat (141)
[2017.11.29-04.04.38:612][441]LogModuleManager: Shutting down and abandoning module ShaderFormatVectorVM (139)
[2017.11.29-04.04.38:617][441]LogModuleManager: Shutting down and abandoning module ShaderFormatOpenGL (137)
[2017.11.29-04.04.38:626][441]LogModuleManager: Shutting down and abandoning module ShaderFormatD3D (135)
[2017.11.29-04.04.38:648][441]LogModuleManager: Shutting down and abandoning module MetalShaderFormat (133)
[2017.11.29-04.04.38:660][441]LogModuleManager: Shutting down and abandoning module TextureFormatUncompressed (131)
[2017.11.29-04.04.38:660][441]LogModuleManager: Shutting down and abandoning module TextureFormatPVR (129)
[2017.11.29-04.04.38:660][441]LogModuleManager: Shutting down and abandoning module TextureFormatDXT (127)
[2017.11.29-04.04.38:672][441]LogModuleManager: Shutting down and abandoning module TextureFormatIntelISPCTexComp (125)
[2017.11.29-04.04.38:684][441]LogModuleManager: Shutting down and abandoning module TextureFormatASTC (123)
[2017.11.29-04.04.38:684][441]LogModuleManager: Shutting down and abandoning module ImageWrapper (122)
[2017.11.29-04.04.38:684][441]LogModuleManager: Shutting down and abandoning module TextureFormatAndroid (119)
[2017.11.29-04.04.38:684][441]LogModuleManager: Shutting down and abandoning module AudioFormatOpus (117)
[2017.11.29-04.04.38:684][441]LogModuleManager: Shutting down and abandoning module AudioFormatOgg (115)
[2017.11.29-04.04.38:684][441]LogModuleManager: Shutting down and abandoning module AudioFormatADPCM (113)
[2017.11.29-04.04.38:684][441]LogModuleManager: Shutting down and abandoning module LinuxTargetPlatform (111)
[2017.11.29-04.04.38:684][441]LogModuleManager: Shutting down and abandoning module LinuxServerTargetPlatform (109)
[2017.11.29-04.04.38:684][441]LogModuleManager: Shutting down and abandoning module LinuxNoEditorTargetPlatform (107)
[2017.11.29-04.04.38:684][441]LogModuleManager: Shutting down and abandoning module LinuxClientTargetPlatform (105)
[2017.11.29-04.04.38:684][441]LogModuleManager: Shutting down and abandoning module TVOSTargetPlatform (103)
[2017.11.29-04.04.38:684][441]LogModuleManager: Shutting down and abandoning module Messaging (101)
[2017.11.29-04.04.38:684][441]LogModuleManager: Shutting down and abandoning module IOSTargetPlatform (99)
[2017.11.29-04.04.38:684][441]LogModuleManager: Shutting down and abandoning module HTML5TargetPlatform (97)
[2017.11.29-04.04.38:684][441]LogModuleManager: Shutting down and abandoning module Android_PVRTCTargetPlatform (95)
[2017.11.29-04.04.38:685][441]LogModuleManager: Shutting down and abandoning module Android_MultiTargetPlatform (93)
[2017.11.29-04.04.38:685][441]LogModuleManager: Shutting down and abandoning module Android_ETC2TargetPlatform (91)
[2017.11.29-04.04.38:685][441]LogModuleManager: Shutting down and abandoning module Android_ETC1TargetPlatform (89)
[2017.11.29-04.04.38:685][441]LogModuleManager: Shutting down and abandoning module Android_DXTTargetPlatform (87)
[2017.11.29-04.04.38:685][441]LogModuleManager: Shutting down and abandoning module Android_ATCTargetPlatform (85)
[2017.11.29-04.04.38:685][441]LogModuleManager: Shutting down and abandoning module Android_ASTCTargetPlatform (83)
[2017.11.29-04.04.38:685][441]LogModuleManager: Shutting down and abandoning module AndroidTargetPlatform (81)
[2017.11.29-04.04.38:685][441]LogModuleManager: Shutting down and abandoning module WindowsTargetPlatform (79)
[2017.11.29-04.04.38:685][441]LogModuleManager: Shutting down and abandoning module WindowsServerTargetPlatform (77)
[2017.11.29-04.04.38:685][441]LogModuleManager: Shutting down and abandoning module WindowsNoEditorTargetPlatform (75)
[2017.11.29-04.04.38:685][441]LogModuleManager: Shutting down and abandoning module WindowsClientTargetPlatform (73)
[2017.11.29-04.04.38:685][441]LogModuleManager: Shutting down and abandoning module MacTargetPlatform (71)
[2017.11.29-04.04.38:685][441]LogModuleManager: Shutting down and abandoning module MacServerTargetPlatform (69)
[2017.11.29-04.04.38:685][441]LogModuleManager: Shutting down and abandoning module MacNoEditorTargetPlatform (67)
[2017.11.29-04.04.38:685][441]LogModuleManager: Shutting down and abandoning module MacClientTargetPlatform (65)
[2017.11.29-04.04.38:685][441]LogModuleManager: Shutting down and abandoning module AllDesktopTargetPlatform (63)
[2017.11.29-04.04.38:685][441]LogModuleManager: Shutting down and abandoning module InputCore (60)
[2017.11.29-04.04.38:685][441]LogModuleManager: Shutting down and abandoning module Settings (58)
[2017.11.29-04.04.38:685][441]LogModuleManager: Shutting down and abandoning module PhysXCooking (56)
[2017.11.29-04.04.38:685][441]LogModuleManager: Shutting down and abandoning module SteamVR (54)
[2017.11.29-04.04.38:685][441]LogModuleManager: Shutting down and abandoning module OculusHMD (52)
[2017.11.29-04.04.38:685][441]LogModuleManager: Shutting down and abandoning module ExampleDeviceProfileSelector (50)
[2017.11.29-04.04.38:685][441]LogModuleManager: Shutting down and abandoning module OnlineBlueprintSupport (48)
[2017.11.29-04.04.38:685][441]LogModuleManager: Shutting down and abandoning module OnlineSubsystem (44)
[2017.11.29-04.04.38:685][441]LogOnline: Display: Unloading online subsystem: NULL
[2017.11.29-04.04.38:685][441]LogModuleManager: Shutting down and abandoning module XMPP (43)
[2017.11.29-04.04.38:706][441]LogModuleManager: Shutting down and abandoning module HTTP (41)
[2017.11.29-04.04.38:706][441]LogHttp: Display: Http module shutting down, but needs to wait on 1 outstanding Http requests:
[2017.11.29-04.04.38:718][441]LogHttp: Display: 	verb=[POST] url=[https://datarouter.ol.epicgames.com/datarouter/api/v1/public/data?SessionID=%7B6562C2A8-4279-BA86-4240-F4B75ACB18FD%7D&AppID=UEEditor.Rocket.Release&AppVersion=4.17.2-3658906%2B%2B%2BUE4%2BRelease-4.17&UserID=1a9fbdf547acc15498f53c9d52a86bdd%7Cd697d50e1bb4459db0bde9f23d712b49%7C1c18de53-6320-4932-a354-522ac18064de&AppEnvironment=datacollector-binary&UploadType=eteventstream] status=Processing
[2017.11.29-04.04.38:730][441]LogModuleManager: Shutting down and abandoning module SSL (40)
[2017.11.29-04.04.38:743][441]LogModuleManager: Shutting down and abandoning module AnimationModifiers (36)
[2017.11.29-04.04.38:755][441]LogModuleManager: Shutting down and abandoning module PropertyEditor (35)
[2017.11.29-04.04.38:755][441]LogModuleManager: Shutting down and abandoning module AudioEditor (32)
[2017.11.29-04.04.38:799][441]LogModuleManager: Shutting down and abandoning module TextureCompressor (30)
[2017.11.29-04.04.38:810][441]LogModuleManager: Shutting down and abandoning module ShaderCore (28)
[2017.11.29-04.04.38:810][441]LogModuleManager: Shutting down and abandoning module Landscape (26)
[2017.11.29-04.04.38:810][441]LogModuleManager: Shutting down and abandoning module SlateRHIRenderer (24)
[2017.11.29-04.04.38:846][441]LogModuleManager: Shutting down and abandoning module OpenGLDrv (22)
[2017.11.29-04.04.38:857][441]LogModuleManager: Shutting down and abandoning module D3D11RHI (20)
[2017.11.29-04.04.38:857][441]LogModuleManager: Shutting down and abandoning module AnimGraphRuntime (18)
[2017.11.29-04.04.38:857][441]LogModuleManager: Shutting down and abandoning module Renderer (16)
[2017.11.29-04.04.38:857][441]LogModuleManager: Shutting down and abandoning module Engine (14)
[2017.11.29-04.04.38:857][441]LogModuleManager: Shutting down and abandoning module CoreUObject (12)
[2017.11.29-04.04.38:857][441]LogModuleManager: Shutting down and abandoning module NetworkFile (10)
[2017.11.29-04.04.38:868][441]LogModuleManager: Shutting down and abandoning module CookedIterativeFile (8)
[2017.11.29-04.04.38:868][441]LogModuleManager: Shutting down and abandoning module StreamingFile (6)
[2017.11.29-04.04.38:869][441]LogModuleManager: Shutting down and abandoning module SandboxFile (4)
[2017.11.29-04.04.38:869][441]LogModuleManager: Shutting down and abandoning module PakFile (2)
[2017.11.29-04.04.38:886][441]LogExit: Exiting.
[2017.11.29-04.04.38:899][441]Log file closed, 11/28/17 23:04:38
