Log file open, 11/30/17 00:28:58
LogWindows: Failed to load 'aqProf.dll' (GetLastError=126)
LogWindows: File 'aqProf.dll' does not exist
LogWindows: Failed to load 'VSPerf140.dll' (GetLastError=126)
LogWindows: File 'VSPerf140.dll' does not exist
LogWindows: Failed to load 'VtuneApi.dll' (GetLastError=126)
LogWindows: File 'VtuneApi.dll' does not exist
LogWindows: Failed to load 'VtuneApi32e.dll' (GetLastError=126)
LogWindows: File 'VtuneApi32e.dll' does not exist
LogInit: Display: Running engine for game: PPOutlining
LogPlatformFile: Not using cached read wrapper
LogInit: Display: RandInit(-783044438) SRandInit(-783044437).
LogTaskGraph: Started task graph with 5 named threads and 14 total threads with 3 sets of task threads.
LogStats: Stats thread started at 0.163349
LogD3D11RHI: Aftermath initialized
LogPluginManager: Mounting plugin Paper2D
LogPluginManager: Mounting plugin LightPropagationVolume
LogPluginManager: Mounting plugin CodeLiteSourceCodeAccess
LogPluginManager: Mounting plugin GitSourceControl
LogPluginManager: Mounting plugin KDevelopSourceCodeAccess
LogPluginManager: Mounting plugin NullSourceCodeAccess
LogPluginManager: Mounting plugin PerforceSourceControl
LogPluginManager: Mounting plugin SubversionSourceControl
LogPluginManager: Mounting plugin UObjectPlugin
LogPluginManager: Mounting plugin VisualStudioSourceCodeAccess
LogPluginManager: Mounting plugin XCodeSourceCodeAccess
LogPluginManager: Mounting plugin AssetManagerEditor
LogPluginManager: Mounting plugin AudioCapture
LogPluginManager: Mounting plugin FacialAnimation
LogPluginManager: Mounting plugin GameplayTagsEditor
LogPluginManager: Mounting plugin MobileLauncherProfileWizard
LogPluginManager: Mounting plugin PluginBrowser
LogPluginManager: Mounting plugin SpeedTreeImporter
LogPluginManager: Mounting plugin AlembicImporter
LogPluginManager: Mounting plugin CharacterAI
LogPluginManager: Mounting plugin HTML5Networking
LogPluginManager: Mounting plugin AndroidMedia
LogPluginManager: Mounting plugin AvfMedia
LogPluginManager: Mounting plugin MediaPlayerEditor
LogPluginManager: Mounting plugin WmfMedia
LogPluginManager: Mounting plugin TcpMessaging
LogPluginManager: Mounting plugin UdpMessaging
LogPluginManager: Mounting plugin LevelSequenceEditor
LogPluginManager: Mounting plugin MatineeToLevelSequence
LogPluginManager: Mounting plugin OnlineSubsystemGooglePlay
LogPluginManager: Mounting plugin OnlineSubsystemIOS
LogPluginManager: Mounting plugin OnlineSubsystem
LogPluginManager: Mounting plugin OnlineSubsystemNull
LogPluginManager: Mounting plugin OnlineSubsystemUtils
LogPluginManager: Mounting plugin AndroidDeviceProfileSelector
LogPluginManager: Mounting plugin AndroidMoviePlayer
LogPluginManager: Mounting plugin AndroidPermission
LogPluginManager: Mounting plugin AppleMoviePlayer
LogPluginManager: Mounting plugin ArchVisCharacter
LogPluginManager: Mounting plugin CableComponent
LogPluginManager: Mounting plugin CustomMeshComponent
LogPluginManager: Mounting plugin ExampleDeviceProfileSelector
LogPluginManager: Mounting plugin GoogleCloudMessaging
LogPluginManager: Mounting plugin ImmediatePhysics
LogPluginManager: Mounting plugin IOSDeviceProfileSelector
LogPluginManager: Mounting plugin LinuxDeviceProfileSelector
LogPluginManager: Mounting plugin LocationServicesBPLibrary
LogPluginManager: Mounting plugin MobilePatchingUtils
LogPluginManager: Mounting plugin OculusVR
LogPluginManager: Mounting plugin PhysXVehicles
LogPluginManager: Mounting plugin ProceduralMeshComponent
LogPluginManager: Mounting plugin RuntimePhysXCooking
LogPluginManager: Mounting plugin SteamVR
LogPluginManager: Mounting plugin WindowsMoviePlayer
LogInit: Using libcurl 7.47.1
LogInit:  - built for x86_64-pc-win32
LogInit:  - supports SSL with OpenSSL/1.0.2g
LogInit:  - supports HTTP deflate (compression) using libz 1.2.8
LogInit:  - other features:
LogInit:      CURL_VERSION_SSL
LogInit:      CURL_VERSION_LIBZ
LogInit:      CURL_VERSION_IPV6
LogInit:      CURL_VERSION_ASYNCHDNS
LogInit:      CURL_VERSION_LARGEFILE
LogInit:      CURL_VERSION_IDN
LogInit:  CurlRequestOptions (configurable via config and command line):
LogInit:  - bVerifyPeer = false  - Libcurl will NOT verify peer certificate
LogInit:  - bUseHttpProxy = false  - Libcurl will NOT use HTTP proxy
LogInit:  - bDontReuseConnections = false  - Libcurl will reuse connections
LogInit:  - CertBundlePath = nullptr  - Libcurl will use whatever was configured at build time.
LogInit: Build: ++UE4+Release-4.17-CL-3658906
LogInit: Engine Version: 4.17.2-3658906+++UE4+Release-4.17
LogInit: Compatible Engine Version: 4.17.0-3573198+++UE4+Release-4.17
LogInit: Net CL: 3573198
LogDevObjectVersion: Number of dev versions registered: 16
LogDevObjectVersion:   Dev-Blueprints (B0D832E4-1F89-4F0D-ACCF-7EB736FD4AA2): 10
LogDevObjectVersion:   Dev-Build (E1C64328-A22C-4D53-A36C-8E866417BD8C): 0
LogDevObjectVersion:   Dev-Core (375EC13C-06E4-48FB-B500-84F0262A717E): 2
LogDevObjectVersion:   Dev-Editor (E4B068ED-F494-42E9-A231-DA0B2E46BB41): 20
LogDevObjectVersion:   Dev-Framework (CFFC743F-43B0-4480-9391-14DF171D2073): 28
LogDevObjectVersion:   Dev-Mobile (B02B49B5-BB20-44E9-A304-32B752E40360): 0
LogDevObjectVersion:   Dev-Networking (A4E4105C-59A1-49B5-A7C5-40C4547EDFEE): 0
LogDevObjectVersion:   Dev-Online (39C831C9-5AE6-47DC-9A44-9C173E1C8E7C): 0
LogDevObjectVersion:   Dev-Physics (78F01B33-EBEA-4F98-B9B4-84EACCB95AA2): 0
LogDevObjectVersion:   Dev-Platform (6631380F-2D4D-43E0-8009-CF276956A95A): 0
LogDevObjectVersion:   Dev-Rendering (12F88B9F-8875-4AFC-A67C-D90C383ABD29): 19
LogDevObjectVersion:   Dev-Sequencer (7B5AE74C-D270-4C10-A958-57980B212A5A): 4
LogDevObjectVersion:   Dev-VR (D7296918-1DD6-4BDD-9DE2-64A83CC13884): 0
LogDevObjectVersion:   Dev-LoadTimes (C2A15278-BFE7-4AFE-6C17-90FF531DF755): 1
LogDevObjectVersion:   Private-Geometry (6EACA3D4-40EC-4CC1-B786-8BED09428FC5): 1
LogDevObjectVersion:   Dev-AnimPhys (29E575DD-E0A3-4627-9D10-D276232CDCEA): 7
LogInit: Compiled (64-bit): Sep 22 2017 13:47:16
LogInit: Compiled with Visual C++: 19.00.24215.01
LogInit: Build Configuration: Development
LogInit: Branch Name: ++UE4+Release-4.17
LogInit: Command line: -EpicPortal 
LogInit: Base directory: D:/Games/UE_4.17/Engine/Binaries/Win64/
LogInit: Installed Engine Build: 1
LogInit: Presizing for max 8388607 objects, including 0 objects not considered by GC, pre-allocating 0 bytes for permanent pool.
LogInit: Object subsystem initialized
[2017.11.30-05.28.58:854][  0]LogInit: Selected Device Profile: [Windows]
[2017.11.30-05.28.58:854][  0]LogInit: Applying CVar settings loaded from the selected device profile: [Windows]
[2017.11.30-05.28.58:872][  0]LogInit: Computer: DESKTOP-352940E
[2017.11.30-05.28.58:872][  0]LogInit: User: Cameron
[2017.11.30-05.28.58:872][  0]LogInit: CPU Page size=4096, Cores=4
[2017.11.30-05.28.58:872][  0]LogInit: High frequency timer resolution =3.320323 MHz
[2017.11.30-05.28.58:872][  0]LogMemory: Memory total: Physical=7.9GB (8GB approx)
[2017.11.30-05.28.58:872][  0]LogMemory: Platform Memory Stats for Windows
[2017.11.30-05.28.58:872][  0]LogMemory: Process Physical Memory: 276.32 MB used, 276.32 MB peak
[2017.11.30-05.28.58:872][  0]LogMemory: Process Virtual Memory: 274.34 MB used, 274.34 MB peak
[2017.11.30-05.28.58:872][  0]LogMemory: Physical Memory: 6937.04 MB used,  1198.99 MB free, 8136.02 MB total
[2017.11.30-05.28.58:872][  0]LogMemory: Virtual Memory: 668.83 MB used,  1198.99 MB free, 134217728.00 MB total
[2017.11.30-05.28.58:983][  0]LogInit: Using OS detected language (en-US).
[2017.11.30-05.28.58:983][  0]LogInit: Using OS detected locale (en-US).
[2017.11.30-05.28.58:985][  0]LogTextLocalizationManager: No specific localization for 'en-US' exists, so the 'en' localization will be used.
[2017.11.30-05.28.59:643][  0]LogD3D11RHI: D3D11 adapters:
[2017.11.30-05.28.59:667][  0]LogD3D11RHI:    0. 'AMD Radeon R9 200 / HD 7900 Series' (Feature Level 11_0)
[2017.11.30-05.28.59:667][  0]LogD3D11RHI:       3053/0/4068 MB DedicatedVideo/DedicatedSystem/SharedSystem, Outputs:2, VendorId:0x1002
[2017.11.30-05.28.59:668][  0]LogD3D11RHI:    1. 'Microsoft Basic Render Driver' (Feature Level 11_0)
[2017.11.30-05.28.59:668][  0]LogD3D11RHI:       0/0/4068 MB DedicatedVideo/DedicatedSystem/SharedSystem, Outputs:0, VendorId:0x1414
[2017.11.30-05.28.59:668][  0]LogD3D11RHI: Chosen D3D11 Adapter: 0
[2017.11.30-05.28.59:671][  0]LogD3D11RHI: Creating new Direct3DDevice
[2017.11.30-05.28.59:671][  0]LogD3D11RHI:     GPU DeviceId: 0x6798 (for the marketing name, search the web for "GPU Device Id")
[2017.11.30-05.28.59:671][  0]LogWindows: EnumDisplayDevices:
[2017.11.30-05.28.59:671][  0]LogWindows:    0. 'AMD Radeon R9 200 / HD 7900 Series' (P:0 D:1)
[2017.11.30-05.28.59:672][  0]LogWindows:    1. 'AMD Radeon R9 200 / HD 7900 Series' (P:1 D:1)
[2017.11.30-05.28.59:672][  0]LogWindows:    2. 'AMD Radeon R9 200 / HD 7900 Series' (P:0 D:0)
[2017.11.30-05.28.59:672][  0]LogWindows:    3. 'AMD Radeon R9 200 / HD 7900 Series' (P:0 D:0)
[2017.11.30-05.28.59:672][  0]LogWindows:    4. 'AMD Radeon R9 200 / HD 7900 Series' (P:0 D:0)
[2017.11.30-05.28.59:672][  0]LogWindows:    5. 'AMD Radeon R9 200 / HD 7900 Series' (P:0 D:0)
[2017.11.30-05.28.59:672][  0]LogWindows: DebugString: FoundDriverCount:6 
[2017.11.30-05.28.59:672][  0]LogD3D11RHI:     Adapter Name: AMD Radeon R9 200 / HD 7900 Series
[2017.11.30-05.28.59:672][  0]LogD3D11RHI:   Driver Version: Crimson ReLive 17.4.4 (internal:22.19.162.4, unified:22.19.162.4)
[2017.11.30-05.28.59:672][  0]LogD3D11RHI:      Driver Date: 4-24-2017
[2017.11.30-05.28.59:672][  0]LogRHI: Texture pool is 1361 MB (70% of 1945 MB)
[2017.11.30-05.28.59:712][  0]LogD3D11RHI: Async texture creation enabled
[2017.11.30-05.28.59:722][  0]LogD3D11RHI: GPU Timing Frequency: 27.000000 (Debug: 2 1)
[2017.11.30-05.28.59:722][  0]LogShaderCompilers: Guid format shader working directory is -14 characters bigger than the processId version (C:/Users/Cameron/Documents/PostProcessingOutlining/PPOutlining/Intermediate/Shaders/WorkingDirectory/8216/).
[2017.11.30-05.28.59:723][  0]LogShaderCompilers: Cleaned the shader compiler working directory 'C:/Users/Cameron/AppData/Local/Temp/UnrealShaderWorkingDir/8636711F4609FDB4E2E1C79862691581/'.
[2017.11.30-05.28.59:723][  0]LogShaderCompilers: Display: Using Local Shader Compiler.
[2017.11.30-05.29.00:559][  0]LogTemp: Display: Loaded TP AllDesktopTargetPlatform
[2017.11.30-05.29.00:597][  0]LogTemp: Display: Loaded TP MacClientTargetPlatform
[2017.11.30-05.29.00:633][  0]LogTemp: Display: Loaded TP MacNoEditorTargetPlatform
[2017.11.30-05.29.00:669][  0]LogTemp: Display: Loaded TP MacServerTargetPlatform
[2017.11.30-05.29.00:705][  0]LogTemp: Display: Loaded TP MacTargetPlatform
[2017.11.30-05.29.00:741][  0]LogTemp: Display: Loaded TP WindowsClientTargetPlatform
[2017.11.30-05.29.00:778][  0]LogTemp: Display: Loaded TP WindowsNoEditorTargetPlatform
[2017.11.30-05.29.00:814][  0]LogTemp: Display: Loaded TP WindowsServerTargetPlatform
[2017.11.30-05.29.00:844][  0]LogTemp: Display: Loaded TP WindowsTargetPlatform
[2017.11.30-05.29.00:879][  0]LogTemp: Display: Loaded TP AndroidTargetPlatform
[2017.11.30-05.29.00:915][  0]LogTemp: Display: Loaded TP Android_ASTCTargetPlatform
[2017.11.30-05.29.00:950][  0]LogTemp: Display: Loaded TP Android_ATCTargetPlatform
[2017.11.30-05.29.00:985][  0]LogTemp: Display: Loaded TP Android_DXTTargetPlatform
[2017.11.30-05.29.01:020][  0]LogTemp: Display: Loaded TP Android_ETC1TargetPlatform
[2017.11.30-05.29.01:055][  0]LogTemp: Display: Loaded TP Android_ETC2TargetPlatform
[2017.11.30-05.29.01:125][  0]LogTemp: Display: Loaded TP Android_MultiTargetPlatform
[2017.11.30-05.29.01:125][  0]LogTemp: Display: Loaded TP Android_PVRTCTargetPlatform
[2017.11.30-05.29.01:151][  0]LogTemp: Display: Loaded TP HTML5TargetPlatform
[2017.11.30-05.29.01:220][  0]LogTemp: Display: Loaded TP IOSTargetPlatform
[2017.11.30-05.29.01:242][  0]LogTemp: Display: Loaded TP TVOSTargetPlatform
[2017.11.30-05.29.01:278][  0]LogTemp: Display: Loaded TP LinuxClientTargetPlatform
[2017.11.30-05.29.01:313][  0]LogTemp: Display: Loaded TP LinuxNoEditorTargetPlatform
[2017.11.30-05.29.01:351][  0]LogTemp: Display: Loaded TP LinuxServerTargetPlatform
[2017.11.30-05.29.01:387][  0]LogTemp: Display: Loaded TP LinuxTargetPlatform
[2017.11.30-05.29.01:387][  0]LogTargetPlatformManager: Display: Building Assets For Windows
[2017.11.30-05.29.01:775][  0]LogDerivedDataCache: Display: Max Cache Size: 512 MB
[2017.11.30-05.29.01:890][  0]LogDerivedDataCache: Loaded boot cache 0.11s 93MB C:/Users/Cameron/AppData/Local/UnrealEngine/4.17/DerivedDataCache/Boot.ddc.
[2017.11.30-05.29.01:890][  0]LogDerivedDataCache: Display: Loaded Boot cache: C:/Users/Cameron/AppData/Local/UnrealEngine/4.17/DerivedDataCache/Boot.ddc
[2017.11.30-05.29.01:890][  0]LogDerivedDataCache: FDerivedDataBackendGraph:  Pak pak cache file C:/Users/Cameron/Documents/PostProcessingOutlining/PPOutlining/DerivedDataCache/DDC.ddp not found, will not use a pak cache.
[2017.11.30-05.29.01:890][  0]LogDerivedDataCache: Unable to find inner node Pak for hierarchical cache Hierarchy.
[2017.11.30-05.29.01:891][  0]LogDerivedDataCache: FDerivedDataBackendGraph:  CompressedPak pak cache file C:/Users/Cameron/Documents/PostProcessingOutlining/PPOutlining/DerivedDataCache/Compressed.ddp not found, will not use a pak cache.
[2017.11.30-05.29.01:891][  0]LogDerivedDataCache: Unable to find inner node CompressedPak for hierarchical cache Hierarchy.
[2017.11.30-05.29.01:909][  0]LogDerivedDataCache: Display: Pak cache opened for reading ../../../Engine/DerivedDataCache/Compressed.ddp.
[2017.11.30-05.29.01:920][  0]LogDerivedDataCache: Using Local data cache path C:/Users/Cameron/AppData/Local/UnrealEngine/Common/DerivedDataCache: Writable
[2017.11.30-05.29.01:931][  0]LogMaterial: Verifying Global Shaders for PCD3D_SM5
[2017.11.30-05.29.01:931][  0]LogSlate: Using Freetype 2.6.0
[2017.11.30-05.29.01:931][  0]LogSlate: SlateFontCache - WITH_FREETYPE: 1, WITH_HARFBUZZ: 1
[2017.11.30-05.29.01:931][  0]LogSlate: SlateFontCache - WITH_FREETYPE: 1, WITH_HARFBUZZ: 1
[2017.11.30-05.29.02:177][  0]LogAssetRegistry: FAssetRegistry took 0.0254 seconds to start up
[2017.11.30-05.29.02:283][  0]LogInit: Selected Device Profile: [Windows]
[2017.11.30-05.29.02:566][  0]LogSimplygon: Simplygon DLL not present - disabling.
[2017.11.30-05.29.02:592][  0]LogMeshReduction: Using SimplygonSwarm for distributed automatic mesh merging
[2017.11.30-05.29.02:592][  0]LogMeshReduction: Using QuadricMeshReduction for automatic static mesh reduction
[2017.11.30-05.29.02:592][  0]LogMeshReduction: No automatic skeletal mesh reduction module available
[2017.11.30-05.29.02:592][  0]LogMeshReduction: No automatic mesh merging module available
[2017.11.30-05.29.02:592][  0]LogMeshMerging: No automatic mesh merging module available
[2017.11.30-05.29.02:613][  0]LogContentStreaming: Texture pool size is 0.00 MB
[2017.11.30-05.29.02:995][  0]LogNetVersion: PPOutlining , NetCL: 3573198, EngineNetVer: 2, GameNetVer: 0 (Checksum: 1180408051)
[2017.11.30-05.29.03:162][  0]LogPackageLocalizationCache: Processed 5 localized package path(s) for 2 prioritized culture(s) in 0.046636 seconds
[2017.11.30-05.29.03:168][  0]LogUObjectArray: 35826 objects as part of root set at end of initial load.
[2017.11.30-05.29.03:168][  0]LogUObjectAllocator: 7529336 out of 0 bytes used by permanent object pool.
[2017.11.30-05.29.03:168][  0]LogUObjectArray: CloseDisregardForGC: 0/0 objects in disregard for GC pool
[2017.11.30-05.29.03:205][  0]LogInit: WinSock: version 1.1 (2.2), MaxSocks=32767, MaxUdp=65467
[2017.11.30-05.29.05:182][  0]LogTcpMessaging: Initializing TcpMessaging bridge
[2017.11.30-05.29.05:211][  0]LogUdpMessaging: Initializing bridge on interface 0.0.0.0:0 to multicast group 230.0.0.1:6666.
[2017.11.30-05.29.05:646][  0]LogMaterial: Uniform references updated for custom material expression Custom.
[2017.11.30-05.29.05:925][  0]SourceControl: Source control is disabled
[2017.11.30-05.29.05:925][  0]SourceControl: Source control is disabled
[2017.11.30-05.29.05:955][  0]SourceControl: Source control is disabled
[2017.11.30-05.29.05:984][  0]SourceControl: Source control is disabled
[2017.11.30-05.29.06:360][  0]LogAndroidPermission: UAndroidPermissionCallbackProxy::GetInstance
[2017.11.30-05.29.06:515][  0]LogOcInput: OculusInput pre-init called
[2017.11.30-05.29.06:692][  0]LogEngine: Initializing Engine...
[2017.11.30-05.29.06:694][  0]LogHMD: Failed to initialize OpenVR with code 110
[2017.11.30-05.29.06:921][  0]LogStats: UGameplayTagsManager::ConstructGameplayTagTree: Construct from data asset -  0.000 s
[2017.11.30-05.29.06:921][  0]LogStats: UGameplayTagsManager::ConstructGameplayTagTree: GameplayTagTreeChangedEvent.Broadcast -  0.000 s
[2017.11.30-05.29.07:013][  0]LogAIModule: Creating AISystem for world Untitled
[2017.11.30-05.29.07:021][  0]LogInit: XAudio2 using 'Speakers (High Definition Audio Device)' : 2 channels at 48 kHz using 32 bits per sample (channel mask 0x3)
[2017.11.30-05.29.07:030][  0]LogInit: FAudioDevice initialized.
[2017.11.30-05.29.07:102][  0]LogDerivedDataCache: Saved boot cache 0.07s 93MB C:/Users/Cameron/AppData/Local/UnrealEngine/4.17/DerivedDataCache/Boot.ddc.
[2017.11.30-05.29.07:117][  0]LogInit: Texture streaming: Enabled
[2017.11.30-05.29.07:190][  0]LogEngineSessionManager: EngineSessionManager initialized
[2017.11.30-05.29.07:365][  0]LogInit: Transaction tracking system initialized
[2017.11.30-05.29.07:574][  0]BlueprintLog: New page: Editor Load
[2017.11.30-05.29.08:195][  0]LocalizationService: Localization service is disabled
[2017.11.30-05.29.08:667][  0]LogConsoleResponse: Display: 
[2017.11.30-05.29.08:830][  0]LogCook: Display: Max memory allowance for cook 16384mb min free memory 0mb
[2017.11.30-05.29.08:830][  0]LogCook: Display: Mobile HDR setting 1
[2017.11.30-05.29.08:830][  0]LogGameplayTags: Display: UGameplayTagsManager::DoneAddingNativeTags. DelegateIsBound: 0
[2017.11.30-05.29.09:527][  0]LogFileCache: Scanning file cache for directory 'C:/Users/Cameron/Documents/PostProcessingOutlining/PPOutlining/Content/' took 0.01s
[2017.11.30-05.29.09:527][  0]SourceControl: Source control is disabled
[2017.11.30-05.29.09:527][  0]Cmd: MAP LOAD FILE="C:/Users/Cameron/Documents/PostProcessingOutlining/PPOutlining/Content/StarterContent/Maps/Minimal_Default.umap" TEMPLATE=0 SHOWPROGRESS=1 FEATURELEVEL=3
[2017.11.30-05.29.09:528][  0]LightingResults: New page: Lighting Build
[2017.11.30-05.29.09:558][  0]MapCheck: New page: Map Check
[2017.11.30-05.29.09:558][  0]LightingResults: New page: Lighting Build
[2017.11.30-05.29.10:137][  0]LogAIModule: Creating AISystem for world Minimal_Default
[2017.11.30-05.29.10:143][  0]LogEditorServer: Finished looking for orphan Actors (0.000 secs)
[2017.11.30-05.29.10:157][  0]Cmd: MAP CHECKDEP NOCLEARLOG
[2017.11.30-05.29.10:200][  0]MapCheck: Map check complete: 0 Error(s), 0 Warning(s), took 42.863ms to complete.
[2017.11.30-05.29.10:200][  0]LogFileHelpers: Loading map 'Minimal_Default' took 0.673
[2017.11.30-05.29.10:269][  0]LogWindowsTextInputMethodSystem: Display: IME system now deactivated.
[2017.11.30-05.29.10:352][  0]LogCollectionManager: Loaded 0 collections in 0.000838 seconds
[2017.11.30-05.29.10:422][  0]LogFileCache: Scanning file cache for directory 'C:/Users/Cameron/Documents/PostProcessingOutlining/PPOutlining/Saved/Collections/' took 0.01s
[2017.11.30-05.29.10:422][  0]LogFileCache: Scanning file cache for directory 'C:/Users/Cameron/Documents/PostProcessingOutlining/PPOutlining/Content/Developers/Cameron/Collections/' took 0.01s
[2017.11.30-05.29.10:422][  0]LogFileCache: Scanning file cache for directory 'C:/Users/Cameron/Documents/PostProcessingOutlining/PPOutlining/Content/Collections/' took 0.01s
[2017.11.30-05.29.10:422][  0]LogCollectionManager: Rebuilt the GUID cache for 0 collections in 0.000001 seconds
[2017.11.30-05.29.10:431][  0]LogContentBrowser: Native class hierarchy populated in 0.0088 seconds. Added 2386 classes and 500 folders.
[2017.11.30-05.29.10:473][  0]LogContentBrowser: Native class hierarchy updated for 'WidgetCarousel' in 0.0007 seconds. Added 0 classes and 0 folders.
[2017.11.30-05.29.10:509][  0]LogContentBrowser: Native class hierarchy updated for 'AddContentDialog' in 0.0011 seconds. Added 0 classes and 0 folders.
[2017.11.30-05.29.10:551][  0]LogContentBrowser: Native class hierarchy updated for 'SceneOutliner' in 0.0007 seconds. Added 1 classes and 2 folders.
[2017.11.30-05.29.10:677][  0]LogContentBrowser: Native class hierarchy updated for 'HierarchicalLODOutliner' in 0.0008 seconds. Added 1 classes and 2 folders.
[2017.11.30-05.29.10:677][  0]LogLoad: (Engine Initialization) Total time: 13.10 seconds
[2017.11.30-05.29.10:677][  0]LogLoad: (Engine Initialization) Total Blueprint compile time: 0.00 seconds
[2017.11.30-05.29.10:677][  0]LogExternalProfiler: No external profilers were discovered.  External profiling features will not be available.
[2017.11.30-05.29.10:706][  0]LogContentStreaming: Texture pool size now 1000 MB
[2017.11.30-05.29.10:707][  0]LogSlate: Took 0.000227 seconds to synchronously load lazily loaded font '../../../Engine/Content/Slate/Fonts/Roboto-Regular.ttf' (155K)
[2017.11.30-05.29.10:709][  0]LogSlate: Took 0.000191 seconds to synchronously load lazily loaded font '../../../Engine/Content/Slate/Fonts/Roboto-Bold.ttf' (160K)
[2017.11.30-05.29.10:713][  0]LogSlate: Took 0.000206 seconds to synchronously load lazily loaded font '../../../Engine/Content/Editor/Slate/Fonts/FontAwesome.ttf' (139K)
[2017.11.30-05.29.10:816][  0]LogSlate: Took 0.000159 seconds to synchronously load lazily loaded font '../../../Engine/Content/Slate/Fonts/Roboto-Light.ttf' (159K)
[2017.11.30-05.29.10:871][  1]LogRenderer: Reallocating scene render targets to support 804x360 Format 10 NumSamples 1 (Frame:1).
[2017.11.30-05.29.10:896][  1]LogAssetRegistry: Asset discovery search completed in 8.7401 seconds
[2017.11.30-05.29.10:898][  1]LogCollectionManager: Rebuilt the object cache for 0 collections in 0.000001 seconds (found 0 objects)
[2017.11.30-05.29.10:899][  1]LogCollectionManager: Fixed up redirectors for 0 collections in 0.000111 seconds (updated 0 objects)
[2017.11.30-05.29.12:912][193]LogRenderer: Reallocating scene render targets to support 1208x576 Format 10 NumSamples 1 (Frame:195).
[2017.11.30-05.29.15:420][484]LogSlate: Took 0.000196 seconds to synchronously load lazily loaded font '../../../Engine/Content/Slate/Fonts/Roboto-Light.ttf' (159K)
[2017.11.30-05.29.16:241][484]LogSlate: Took 0.000167 seconds to synchronously load lazily loaded font '../../../Engine/Content/Slate/Fonts/Roboto-Regular.ttf' (155K)
[2017.11.30-05.29.17:558][484]LogAIModule: Creating AISystem for world StarterMap
[2017.11.30-05.29.17:617][484]Cmd: MAP LOAD FILE="C:/Users/Cameron/Documents/PostProcessingOutlining/PPOutlining/Content/StarterContent/Maps/StarterMap.umap" TEMPLATE=0 SHOWPROGRESS=1 FEATURELEVEL=3
[2017.11.30-05.29.17:617][484]LightingResults: New page: Lighting Build
[2017.11.30-05.29.17:618][484]LoadErrors: New page: Loading map: StarterMap.umap
[2017.11.30-05.29.17:619][484]MapCheck: New page: Map Check
[2017.11.30-05.29.17:619][484]LightingResults: New page: Lighting Build
[2017.11.30-05.29.17:707][484]LogEditorServer: Finished looking for orphan Actors (0.000 secs)
[2017.11.30-05.29.17:742][484]Cmd: MAP CHECKDEP NOCLEARLOG
[2017.11.30-05.29.17:811][484]MapCheck: Map check complete: 0 Error(s), 0 Warning(s), took 68.664ms to complete.
[2017.11.30-05.29.17:812][484]LogFileHelpers: Loading map 'StarterMap' took 0.196
[2017.11.30-05.29.18:643][535]LogAIModule: Creating AISystem for world Minimal_Default
[2017.11.30-05.29.18:664][535]Cmd: MAP LOAD FILE="C:/Users/Cameron/Documents/PostProcessingOutlining/PPOutlining/Content/StarterContent/Maps/Minimal_Default.umap" TEMPLATE=0 SHOWPROGRESS=1 FEATURELEVEL=3
[2017.11.30-05.29.18:664][535]LightingResults: New page: Lighting Build
[2017.11.30-05.29.18:664][535]LoadErrors: New page: Loading map: Minimal_Default.umap
[2017.11.30-05.29.18:666][535]MapCheck: New page: Map Check
[2017.11.30-05.29.18:667][535]LightingResults: New page: Lighting Build
[2017.11.30-05.29.18:747][535]LogEditorServer: Finished looking for orphan Actors (0.000 secs)
[2017.11.30-05.29.18:781][535]Cmd: MAP CHECKDEP NOCLEARLOG
[2017.11.30-05.29.18:850][535]MapCheck: Map check complete: 0 Error(s), 0 Warning(s), took 68.538ms to complete.
[2017.11.30-05.29.18:850][535]LogFileHelpers: Loading map 'Minimal_Default' took 0.188
[2017.11.30-05.29.20:455][624]LogAIModule: Creating AISystem for world Advanced_Lighting
[2017.11.30-05.29.20:474][624]Cmd: MAP LOAD FILE="C:/Users/Cameron/Documents/PostProcessingOutlining/PPOutlining/Content/StarterContent/Maps/Advanced_Lighting.umap" TEMPLATE=0 SHOWPROGRESS=1 FEATURELEVEL=3
[2017.11.30-05.29.20:474][624]LightingResults: New page: Lighting Build
[2017.11.30-05.29.20:474][624]LoadErrors: New page: Loading map: Advanced_Lighting.umap
[2017.11.30-05.29.20:475][624]MapCheck: New page: Map Check
[2017.11.30-05.29.20:475][624]LightingResults: New page: Lighting Build
[2017.11.30-05.29.20:568][624]LogEditorServer: Finished looking for orphan Actors (0.000 secs)
[2017.11.30-05.29.20:600][624]Cmd: MAP CHECKDEP NOCLEARLOG
[2017.11.30-05.29.20:671][624]MapCheck: Map check complete: 0 Error(s), 0 Warning(s), took 70.312ms to complete.
[2017.11.30-05.29.20:672][624]LogFileHelpers: Loading map 'Advanced_Lighting' took 0.199
[2017.11.30-05.29.23:722][976]LogAIModule: Creating AISystem for world Minimal_Default
[2017.11.30-05.29.23:737][976]Cmd: MAP LOAD FILE="C:/Users/Cameron/Documents/PostProcessingOutlining/PPOutlining/Content/StarterContent/Maps/Minimal_Default.umap" TEMPLATE=0 SHOWPROGRESS=1 FEATURELEVEL=3
[2017.11.30-05.29.23:738][976]LightingResults: New page: Lighting Build
[2017.11.30-05.29.23:738][976]LoadErrors: New page: Loading map: Minimal_Default.umap
[2017.11.30-05.29.23:739][976]MapCheck: New page: Map Check
[2017.11.30-05.29.23:739][976]LightingResults: New page: Lighting Build
[2017.11.30-05.29.23:845][976]LogEditorServer: Finished looking for orphan Actors (0.000 secs)
[2017.11.30-05.29.23:881][976]Cmd: MAP CHECKDEP NOCLEARLOG
[2017.11.30-05.29.23:950][976]MapCheck: Map check complete: 0 Error(s), 0 Warning(s), took 69.435ms to complete.
[2017.11.30-05.29.23:951][976]LogFileHelpers: Loading map 'Minimal_Default' took 0.215
[2017.11.30-05.29.24:959][ 93]LogEditorViewport: Clicking on Actor (LMB): StaticMeshActor (Table)
[2017.11.30-05.29.25:962][203]Cmd: DELETE
[2017.11.30-05.29.25:962][203]Cmd: ACTOR DELETE
[2017.11.30-05.29.25:964][203]LogEditorActor: Deleted Actor: StaticMeshActor
[2017.11.30-05.29.25:976][203]LogEditorActor: Deleted 1 Actors (0.014 secs)
[2017.11.30-05.29.26:387][251]LogEditorViewport: Clicking on Actor (LMB): StaticMeshActor (Chair)
[2017.11.30-05.29.26:553][265]Cmd: DELETE
[2017.11.30-05.29.26:553][265]Cmd: ACTOR DELETE
[2017.11.30-05.29.26:553][265]LogEditorActor: Deleted Actor: StaticMeshActor
[2017.11.30-05.29.26:563][265]LogEditorActor: Deleted 1 Actors (0.010 secs)
[2017.11.30-05.29.27:437][369]LogEditorViewport: Clicking on Actor (LMB): StaticMeshActor (Statue)
[2017.11.30-05.29.27:971][427]Cmd: DELETE
[2017.11.30-05.29.27:971][427]Cmd: ACTOR DELETE
[2017.11.30-05.29.27:972][427]LogEditorActor: Deleted Actor: StaticMeshActor
[2017.11.30-05.29.27:982][427]LogEditorActor: Deleted 1 Actors (0.011 secs)
[2017.11.30-05.29.28:272][461]LogEditorViewport: Clicking on Actor (LMB): StaticMeshActor (Chair)
[2017.11.30-05.29.28:402][470]Cmd: DELETE
[2017.11.30-05.29.28:402][470]Cmd: ACTOR DELETE
[2017.11.30-05.29.28:402][470]LogEditorActor: Deleted Actor: StaticMeshActor
[2017.11.30-05.29.28:412][470]LogEditorActor: Deleted 1 Actors (0.010 secs)
[2017.11.30-05.29.28:728][507]LogEditorViewport: Clicking on Actor (LMB): StaticMeshActor (Floor)
[2017.11.30-05.29.28:806][510]Cmd: DELETE
[2017.11.30-05.29.28:806][510]Cmd: ACTOR DELETE
[2017.11.30-05.29.28:807][510]LogEditorActor: Deleted Actor: StaticMeshActor
[2017.11.30-05.29.28:817][510]LogEditorActor: Deleted 1 Actors (0.011 secs)
[2017.11.30-05.29.29:401][579]LogEditorViewport: Clicking on Actor (LMB): SphereReflectionCapture (SphereReflectionCapture)
[2017.11.30-05.29.29:464][581]Cmd: DELETE
[2017.11.30-05.29.29:464][581]Cmd: ACTOR DELETE
[2017.11.30-05.29.29:465][581]LogEditorActor: Deleted Actor: SphereReflectionCapture
[2017.11.30-05.29.29:475][581]LogEditorActor: Deleted 1 Actors (0.010 secs)
[2017.11.30-05.29.30:499][702]LogEditorViewport: Clicking on Actor (LMB): StaticMeshActor (Floor)
[2017.11.30-05.29.30:590][706]Cmd: DELETE
[2017.11.30-05.29.30:590][706]Cmd: ACTOR DELETE
[2017.11.30-05.29.30:590][706]LogEditorActor: Deleted Actor: StaticMeshActor
[2017.11.30-05.29.30:601][706]LogEditorActor: Deleted 1 Actors (0.011 secs)
[2017.11.30-05.29.31:932][864]LogEditorViewport: Clicking on Actor (LMB): DirectionalLight (Light Source)
[2017.11.30-05.29.32:065][874]Cmd: DELETE
[2017.11.30-05.29.32:065][874]Cmd: ACTOR DELETE
[2017.11.30-05.29.34:366][874]LogEditorActor: Deleted Actor: DirectionalLight
[2017.11.30-05.29.34:378][874]LogEditorActor: Deleted 1 Actors (2.314 secs)
[2017.11.30-05.29.35:041][953]LogEditorViewport: Clicking on Actor (LMB): AtmosphericFog (Atmospheric Fog)
[2017.11.30-05.29.35:090][954]Cmd: DELETE
[2017.11.30-05.29.35:090][954]Cmd: ACTOR DELETE
[2017.11.30-05.29.35:091][954]LogEditorActor: Deleted Actor: AtmosphericFog
[2017.11.30-05.29.35:103][954]LogEditorActor: Deleted 1 Actors (0.013 secs)
[2017.11.30-05.29.37:172][201]LogEditorViewport: Clicking on Actor (LMB): BP_Sky_Sphere_C (BP_Sky_Sphere)
[2017.11.30-05.29.37:498][235]LogEditorViewport: Clicking on Actor (LMB): SphereReflectionCapture (SphereReflectionCapture10)
[2017.11.30-05.29.37:704][255]Cmd: DELETE
[2017.11.30-05.29.37:704][255]Cmd: ACTOR DELETE
[2017.11.30-05.29.37:704][255]LogEditorActor: Deleted Actor: SphereReflectionCapture
[2017.11.30-05.29.37:715][255]LogEditorActor: Deleted 1 Actors (0.012 secs)
[2017.11.30-05.29.39:206][432]LogEditorViewport: Clicking on Actor (LMB): PlayerStart (Player Start)
[2017.11.30-05.29.41:167][659]LogEditorActor: Deleted Actor: BP_Sky_Sphere_C
[2017.11.30-05.29.41:178][659]LogEditorActor: Deleted 1 Actors (0.011 secs)
[2017.11.30-05.29.50:758][732]LogActorFactory: Actor Factory created Plane
[2017.11.30-05.29.53:398][ 33]LogActorFactory: Actor Factory created Plane
[2017.11.30-05.29.54:914][208]LogActorFactory: Actor Factory created Plane
[2017.11.30-05.30.41:033][498]LogEditorViewport: Clicking on Actor (LMB): StaticMeshActor (Plane)
[2017.11.30-05.30.41:437][540]LogEditorViewport: Clicking on Actor (LMB): BP_Sky_Sphere_C (BP_Sky_Sphere)
[2017.11.30-05.31.00:938][ 36]LogFactory: FactoryCreateFile: World with FbxSceneImportFactory (0 0 C:/Users/Cameron/Desktop/tinker.obj)
[2017.11.30-05.31.00:956][ 36]LogFbx: Loading FBX Scene from C:/Users/Cameron/Desktop/tinker.obj
[2017.11.30-05.31.00:963][ 36]LogFbx: FBX Scene Loaded Succesfully
[2017.11.30-05.31.00:965][ 36]LogFbx: =================================================
[2017.11.30-05.31.00:965][ 36]LogFbx: Dumping Node START [group_0_-1499859] 
[2017.11.30-05.31.00:965][ 36]LogFbx: 	Total Deformer Count -1999113344.
[2017.11.30-05.31.00:965][ 36]LogFbx: 	Attribute () Type (4).
[2017.11.30-05.31.00:965][ 36]LogFbx: 		[Node Attribute Child 1] group_0_-1499859 (Type Mesh).
[2017.11.30-05.31.00:965][ 36]LogFbx: Dumping Node END [group_0_-1499859]
[2017.11.30-05.31.00:965][ 36]LogFbx: =================================================
[2017.11.30-05.31.00:965][ 36]LogFbx: Dumping Node START [group_0_-687329] 
[2017.11.30-05.31.00:965][ 36]LogFbx: 	Total Deformer Count -1999113344.
[2017.11.30-05.31.00:965][ 36]LogFbx: 	Attribute () Type (4).
[2017.11.30-05.31.00:965][ 36]LogFbx: 		[Node Attribute Child 1] group_0_-687329 (Type Mesh).
[2017.11.30-05.31.00:965][ 36]LogFbx: Dumping Node END [group_0_-687329]
[2017.11.30-05.31.00:965][ 36]LogFbx: =================================================
[2017.11.30-05.31.00:965][ 36]LogFbx: Dumping Node START [group_0_-1499859] 
[2017.11.30-05.31.00:965][ 36]LogFbx: 	Total Deformer Count -1999113344.
[2017.11.30-05.31.00:965][ 36]LogFbx: 	Attribute () Type (4).
[2017.11.30-05.31.00:965][ 36]LogFbx: 		[Node Attribute Child 1] group_0_-1499859 (Type Mesh).
[2017.11.30-05.31.00:965][ 36]LogFbx: Dumping Node END [group_0_-1499859]
[2017.11.30-05.31.00:965][ 36]LogFbx: =================================================
[2017.11.30-05.31.00:965][ 36]LogFbx: Dumping Node START [group_0_-687329] 
[2017.11.30-05.31.00:965][ 36]LogFbx: 	Total Deformer Count -1999113344.
[2017.11.30-05.31.00:965][ 36]LogFbx: 	Attribute () Type (4).
[2017.11.30-05.31.00:965][ 36]LogFbx: 		[Node Attribute Child 1] group_0_-687329 (Type Mesh).
[2017.11.30-05.31.00:965][ 36]LogFbx: Dumping Node END [group_0_-687329]
[2017.11.30-05.31.00:965][ 36]LogFbx: =================================================
[2017.11.30-05.31.00:965][ 36]LogFbx: Dumping Node START [group_0_-1499859] 
[2017.11.30-05.31.00:965][ 36]LogFbx: 	Total Deformer Count -1999113344.
[2017.11.30-05.31.00:965][ 36]LogFbx: 	Attribute () Type (4).
[2017.11.30-05.31.00:966][ 36]LogFbx: 		[Node Attribute Child 1] group_0_-1499859 (Type Mesh).
[2017.11.30-05.31.00:966][ 36]LogFbx: Dumping Node END [group_0_-1499859]
[2017.11.30-05.31.00:966][ 36]LogFbx: =================================================
[2017.11.30-05.31.00:966][ 36]LogFbx: Dumping Node START [group_0_-687329] 
[2017.11.30-05.31.00:966][ 36]LogFbx: 	Total Deformer Count -1999113344.
[2017.11.30-05.31.00:966][ 36]LogFbx: 	Attribute () Type (4).
[2017.11.30-05.31.00:966][ 36]LogFbx: 		[Node Attribute Child 1] group_0_-687329 (Type Mesh).
[2017.11.30-05.31.00:966][ 36]LogFbx: Dumping Node END [group_0_-687329]
[2017.11.30-05.31.02:575][ 36]LogFbx: =================================================
[2017.11.30-05.31.02:575][ 36]LogFbx: Dumping Node START [group_0_-1499859] 
[2017.11.30-05.31.02:575][ 36]LogFbx: 	Total Deformer Count 1932629776.
[2017.11.30-05.31.02:575][ 36]LogFbx: 	Attribute () Type (4).
[2017.11.30-05.31.02:575][ 36]LogFbx: 		[Node Attribute Child 1] group_0_-1499859 (Type Mesh).
[2017.11.30-05.31.02:575][ 36]LogFbx: Dumping Node END [group_0_-1499859]
[2017.11.30-05.31.02:575][ 36]LogFbx: =================================================
[2017.11.30-05.31.02:575][ 36]LogFbx: Dumping Node START [group_0_-687329] 
[2017.11.30-05.31.02:575][ 36]LogFbx: 	Total Deformer Count 1932629776.
[2017.11.30-05.31.02:575][ 36]LogFbx: 	Attribute () Type (4).
[2017.11.30-05.31.02:575][ 36]LogFbx: 		[Node Attribute Child 1] group_0_-687329 (Type Mesh).
[2017.11.30-05.31.02:575][ 36]LogFbx: Dumping Node END [group_0_-687329]
[2017.11.30-05.31.02:575][ 36]LogFbx: =================================================
[2017.11.30-05.31.02:575][ 36]LogFbx: Dumping Node START [group_0_-1499859] 
[2017.11.30-05.31.02:575][ 36]LogFbx: 	Total Deformer Count 1932629776.
[2017.11.30-05.31.02:575][ 36]LogFbx: 	Attribute () Type (4).
[2017.11.30-05.31.02:575][ 36]LogFbx: 		[Node Attribute Child 1] group_0_-1499859 (Type Mesh).
[2017.11.30-05.31.02:575][ 36]LogFbx: Dumping Node END [group_0_-1499859]
[2017.11.30-05.31.02:575][ 36]LogFbx: =================================================
[2017.11.30-05.31.02:575][ 36]LogFbx: Dumping Node START [group_0_-687329] 
[2017.11.30-05.31.02:575][ 36]LogFbx: 	Total Deformer Count 1932629776.
[2017.11.30-05.31.02:575][ 36]LogFbx: 	Attribute () Type (4).
[2017.11.30-05.31.02:576][ 36]LogFbx: 		[Node Attribute Child 1] group_0_-687329 (Type Mesh).
[2017.11.30-05.31.02:576][ 36]LogFbx: Dumping Node END [group_0_-687329]
[2017.11.30-05.31.02:576][ 36]LogFbx: =================================================
[2017.11.30-05.31.02:576][ 36]LogFbx: Dumping Node START [group_0_-1499859] 
[2017.11.30-05.31.02:576][ 36]LogFbx: 	Total Deformer Count 1932629776.
[2017.11.30-05.31.02:576][ 36]LogFbx: 	Attribute () Type (4).
[2017.11.30-05.31.02:576][ 36]LogFbx: 		[Node Attribute Child 1] group_0_-1499859 (Type Mesh).
[2017.11.30-05.31.02:576][ 36]LogFbx: Dumping Node END [group_0_-1499859]
[2017.11.30-05.31.02:576][ 36]LogFbx: =================================================
[2017.11.30-05.31.02:576][ 36]LogFbx: Dumping Node START [group_0_-687329] 
[2017.11.30-05.31.02:576][ 36]LogFbx: 	Total Deformer Count 1932629776.
[2017.11.30-05.31.02:576][ 36]LogFbx: 	Attribute () Type (4).
[2017.11.30-05.31.02:576][ 36]LogFbx: 		[Node Attribute Child 1] group_0_-687329 (Type Mesh).
[2017.11.30-05.31.02:576][ 36]LogFbx: Dumping Node END [group_0_-687329]
[2017.11.30-05.31.02:578][ 36]LogLinker: Can't find file '/Game/StarterContent/Maps/group_0_-1499859Mat'
[2017.11.30-05.31.02:579][ 36]LogLinker: Can't find file '/Game/StarterContent/Maps/group_0_-1499859Mat'
[2017.11.30-05.31.02:619][ 36]LogMaterial: Missing cached shader map for material group_0_-1499859Mat, compiling. 
[2017.11.30-05.31.02:703][ 36]LogStaticMesh: Building static mesh group_0_-1499859...
[2017.11.30-05.31.02:844][ 36]LogStaticMesh: Built static mesh [0.14s] /Game/StarterContent/Maps/group_0_-1499859.group_0_-1499859
[2017.11.30-05.31.02:979][ 36]LogStaticMesh: Warning: group_0_-1499859 has degenerate tangent bases which will result in incorrect shading.  MikkTSpace relies on tangent bases and may result in mesh corruption, consider disabling this option.
[2017.11.30-05.31.02:984][ 36]LogLinker: Can't find file '/Game/StarterContent/Maps/group_0_-687329Mat'
[2017.11.30-05.31.02:984][ 36]LogLinker: Can't find file '/Game/StarterContent/Maps/group_0_-687329Mat'
[2017.11.30-05.31.02:989][ 36]LogMaterial: Missing cached shader map for material group_0_-687329Mat, compiling. 
[2017.11.30-05.31.03:004][ 36]LogStaticMesh: Building static mesh group_0_-687329...
[2017.11.30-05.31.03:010][ 36]LogStaticMesh: Built static mesh [0.01s] /Game/StarterContent/Maps/group_0_-687329.group_0_-687329
[2017.11.30-05.31.04:317][ 36]LogAIModule: Creating AISystem for world Advanced_Lighting
[2017.11.30-05.31.04:320][ 36]LogAIModule: Creating AISystem for world StarterMap
[2017.11.30-05.31.05:542][ 36]LogContentBrowser: Native class hierarchy updated for 'BlueprintGraph' in 0.0010 seconds. Added 113 classes and 0 folders.
[2017.11.30-05.31.07:809][ 36]FBXImport: Warning: No smoothing group information was found in this FBX scene.  Please make sure to enable the 'Export Smoothing Groups' option in the FBX Exporter plug-in before exporting the file.  Even for tools that don't support smoothing groups, the FBX Exporter will generate appropriate smoothing data at export-time so that correct vertex normals can be inferred while importing. 
[2017.11.30-05.31.07:809][ 36]FBXImport: Warning: group_0_-1499859 has degenerate tangent bases which will result in incorrect shading.  MikkTSpace relies on tangent bases and may result in mesh corruption, consider disabling this option. 
[2017.11.30-05.31.39:344][455]LogEditorViewport: Clicking on Actor (LMB): BP_Sky_Sphere_C (BP_Sky_Sphere)
[2017.11.30-05.31.47:893][366]LogTemp: Repeating last play command: Selected Viewport
[2017.11.30-05.31.47:967][366]LogBlueprintUserMessages: Early PlayInEditor Detection: Level '/Game/StarterContent/Maps/Minimal_Default.Minimal_Default:PersistentLevel' has LevelScriptBlueprint '/Game/StarterContent/Maps/Minimal_Default.Minimal_Default:PersistentLevel.Minimal_Default' with GeneratedClass '/Game/StarterContent/Maps/Minimal_Default.Minimal_Default_C' with ClassGeneratedBy '/Game/StarterContent/Maps/Minimal_Default.Minimal_Default:PersistentLevel.Minimal_Default'
[2017.11.30-05.31.47:967][366]LogPlayLevel: PlayLevel: No blueprints needed recompiling
[2017.11.30-05.31.47:968][366]PIE: New page: PIE session: Minimal_Default (Nov 29, 2017, 7:31:47 PM)
[2017.11.30-05.31.47:968][366]LogPlayLevel: Creating play world package: /Game/StarterContent/Maps/UEDPIE_0_Minimal_Default
[2017.11.30-05.31.47:970][366]LogPlayLevel: PIE: StaticDuplicateObject took: (0.002084s)
[2017.11.30-05.31.47:970][366]LogAIModule: Creating AISystem for world Minimal_Default
[2017.11.30-05.31.47:971][366]LogPlayLevel: PIE: World Init took: (0.000665s)
[2017.11.30-05.31.47:971][366]LogPlayLevel: PIE: Created PIE world by copying editor world from /Game/StarterContent/Maps/Minimal_Default.Minimal_Default to /Game/StarterContent/Maps/UEDPIE_0_Minimal_Default.Minimal_Default (0.003046s)
[2017.11.30-05.31.47:999][366]LogInit: XAudio2 using 'Speakers (High Definition Audio Device)' : 2 channels at 48 kHz using 32 bits per sample (channel mask 0x3)
[2017.11.30-05.31.48:005][366]LogInit: FAudioDevice initialized.
[2017.11.30-05.31.48:051][366]LogLoad: Game class is 'GameModeBase'
[2017.11.30-05.31.48:053][366]LogWorld: Bringing World /Game/StarterContent/Maps/UEDPIE_0_Minimal_Default.Minimal_Default up for play (max tick rate 0) at 2017.11.30-00.31.48
[2017.11.30-05.31.48:053][366]LogWorld: Bringing up level for play took: 0.001213
[2017.11.30-05.31.48:081][366]LogContentBrowser: Native class hierarchy updated for 'MovieSceneCapture' in 0.0007 seconds. Added 11 classes and 0 folders.
[2017.11.30-05.31.48:082][366]PIE: Play in editor start time for /Game/StarterContent/Maps/UEDPIE_0_Minimal_Default 0.409
[2017.11.30-05.31.48:082][366]LogBlueprintUserMessages: Late PlayInEditor Detection: Level '/Game/StarterContent/Maps/Minimal_Default.Minimal_Default:PersistentLevel' has LevelScriptBlueprint '/Game/StarterContent/Maps/Minimal_Default.Minimal_Default:PersistentLevel.Minimal_Default' with GeneratedClass '/Game/StarterContent/Maps/Minimal_Default.Minimal_Default_C' with ClassGeneratedBy '/Game/StarterContent/Maps/Minimal_Default.Minimal_Default:PersistentLevel.Minimal_Default'
[2017.11.30-05.31.52:130][846]LogBlueprintUserMessages: Early EndPlayMap Detection: Level '/Game/StarterContent/Maps/Minimal_Default.Minimal_Default:PersistentLevel' has LevelScriptBlueprint '/Game/StarterContent/Maps/Minimal_Default.Minimal_Default:PersistentLevel.Minimal_Default' with GeneratedClass '/Game/StarterContent/Maps/Minimal_Default.Minimal_Default_C' with ClassGeneratedBy '/Game/StarterContent/Maps/Minimal_Default.Minimal_Default:PersistentLevel.Minimal_Default'
[2017.11.30-05.31.52:169][846]LogBlueprintUserMessages: Late EndPlayMap Detection: Level '/Game/StarterContent/Maps/Minimal_Default.Minimal_Default:PersistentLevel' has LevelScriptBlueprint '/Game/StarterContent/Maps/Minimal_Default.Minimal_Default:PersistentLevel.Minimal_Default' with GeneratedClass '/Game/StarterContent/Maps/Minimal_Default.Minimal_Default_C' with ClassGeneratedBy '/Game/StarterContent/Maps/Minimal_Default.Minimal_Default:PersistentLevel.Minimal_Default'
[2017.11.30-05.31.55:030][153]LogSavePackage: Save=33.31ms
[2017.11.30-05.31.55:030][153]LogSavePackage: Moving 'C:/Users/Cameron/Documents/PostProcessingOutlining/PPOutlining/Saved/Minimal_DefaultB92669344565E614CE76DCA571B71944.tmp' to 'C:/Users/Cameron/Documents/PostProcessingOutlining/PPOutlining/Content/StarterContent/Maps/Minimal_Default.umap'
[2017.11.30-05.31.55:033][153]LogSavePackage: Display: Finished SavePackage C:/Users/Cameron/Documents/PostProcessingOutlining/PPOutlining/Content/StarterContent/Maps/Minimal_Default.umap
[2017.11.30-05.31.55:057][153]LogFileHelpers: Saving map 'Minimal_Default' took 0.163
[2017.11.30-05.31.55:063][153]Cmd: OBJ SAVEPACKAGE PACKAGE="/Game/StarterContent/Maps/tinker" FILE="C:/Users/Cameron/Documents/PostProcessingOutlining/PPOutlining/Content/StarterContent/Maps/tinker.uasset" SILENT=true
[2017.11.30-05.31.55:100][153]LogSavePackage: Save=35.92ms
[2017.11.30-05.31.55:100][153]LogSavePackage: Moving 'C:/Users/Cameron/Documents/PostProcessingOutlining/PPOutlining/Saved/tinkerFF93E0CD44DE3AF854334380190C351F.tmp' to 'C:/Users/Cameron/Documents/PostProcessingOutlining/PPOutlining/Content/StarterContent/Maps/tinker.uasset'
[2017.11.30-05.31.55:102][153]LogSavePackage: Display: Finished SavePackage C:/Users/Cameron/Documents/PostProcessingOutlining/PPOutlining/Content/StarterContent/Maps/tinker.uasset
[2017.11.30-05.31.55:171][153]LogSavePackage: Save=21.55ms
[2017.11.30-05.31.55:171][153]LogSavePackage: Moving 'C:/Users/Cameron/Documents/PostProcessingOutlining/PPOutlining/Saved/group_0_-14998597C02243041E9AE03FF6E7583451B0386.tmp' to 'C:/Users/Cameron/Documents/PostProcessingOutlining/PPOutlining/Content/StarterContent/Maps/group_0_-1499859.uasset'
[2017.11.30-05.31.55:174][153]LogSavePackage: Display: Finished SavePackage C:/Users/Cameron/Documents/PostProcessingOutlining/PPOutlining/Content/StarterContent/Maps/group_0_-1499859.uasset
[2017.11.30-05.31.55:228][153]LogSavePackage: Save=29.34ms
[2017.11.30-05.31.55:228][153]LogSavePackage: Moving 'C:/Users/Cameron/Documents/PostProcessingOutlining/PPOutlining/Saved/group_0_-1499859Mat6EEA2EDF40D4E1E1EB3D718A3245E95C.tmp' to 'C:/Users/Cameron/Documents/PostProcessingOutlining/PPOutlining/Content/StarterContent/Maps/group_0_-1499859Mat.uasset'
[2017.11.30-05.31.55:230][153]LogSavePackage: Display: Finished SavePackage C:/Users/Cameron/Documents/PostProcessingOutlining/PPOutlining/Content/StarterContent/Maps/group_0_-1499859Mat.uasset
[2017.11.30-05.31.55:264][153]LogSavePackage: Save=14.22ms
[2017.11.30-05.31.55:264][153]LogSavePackage: Moving 'C:/Users/Cameron/Documents/PostProcessingOutlining/PPOutlining/Saved/group_0_-687329401BA5DD48EE22A1E451E0A1A9824DF3.tmp' to 'C:/Users/Cameron/Documents/PostProcessingOutlining/PPOutlining/Content/StarterContent/Maps/group_0_-687329.uasset'
[2017.11.30-05.31.55:265][153]LogSavePackage: Display: Finished SavePackage C:/Users/Cameron/Documents/PostProcessingOutlining/PPOutlining/Content/StarterContent/Maps/group_0_-687329.uasset
[2017.11.30-05.31.55:299][153]LogSavePackage: Save=14.92ms
[2017.11.30-05.31.55:299][153]LogSavePackage: Moving 'C:/Users/Cameron/Documents/PostProcessingOutlining/PPOutlining/Saved/group_0_-687329Mat368B4F2A43FD7445049560AABD7A7BBB.tmp' to 'C:/Users/Cameron/Documents/PostProcessingOutlining/PPOutlining/Content/StarterContent/Maps/group_0_-687329Mat.uasset'
[2017.11.30-05.31.55:301][153]LogSavePackage: Display: Finished SavePackage C:/Users/Cameron/Documents/PostProcessingOutlining/PPOutlining/Content/StarterContent/Maps/group_0_-687329Mat.uasset
[2017.11.30-05.31.55:349][153]LogSavePackage: Save=23.05ms
[2017.11.30-05.31.55:349][153]LogSavePackage: Moving 'C:/Users/Cameron/Documents/PostProcessingOutlining/PPOutlining/Saved/FbxScene_tinkerCF96809F436B85DA4EE2CEB8383190D7.tmp' to 'C:/Users/Cameron/Documents/PostProcessingOutlining/PPOutlining/Content/StarterContent/Maps/FbxScene_tinker.uasset'
[2017.11.30-05.31.55:352][153]LogSavePackage: Display: Finished SavePackage C:/Users/Cameron/Documents/PostProcessingOutlining/PPOutlining/Content/StarterContent/Maps/FbxScene_tinker.uasset
[2017.11.30-05.32.18:658][224]LogMetaData: Removing '/Game/StarterContent/Maps/PPOUTLINEMAP.PPOUTLINEMAP_C' ref from Metadata '/Game/StarterContent/Maps/Minimal_Default.PackageMetaData'
[2017.11.30-05.32.18:658][224]LogMetaData: Removing '/Game/StarterContent/Maps/PPOUTLINEMAP.SKEL_PPOUTLINEMAP_C' ref from Metadata '/Game/StarterContent/Maps/Minimal_Default.PackageMetaData'
[2017.11.30-05.32.18:970][224]LogSavePackage: Save=88.13ms
[2017.11.30-05.32.18:970][224]LogSavePackage: Moving 'C:/Users/Cameron/Documents/PostProcessingOutlining/PPOutlining/Saved/PPOUTLINEMAP9D403B414554237EE3761D93DB3D8CFE.tmp' to 'C:/Users/Cameron/Documents/PostProcessingOutlining/PPOutlining/Content/StarterContent/Maps/PPOUTLINEMAP.umap'
[2017.11.30-05.32.18:972][224]LogSavePackage: Display: Finished SavePackage C:/Users/Cameron/Documents/PostProcessingOutlining/PPOutlining/Content/StarterContent/Maps/PPOUTLINEMAP.umap
[2017.11.30-05.32.18:996][224]LogFileHelpers: Saving map 'PPOUTLINEMAP' took 0.234
[2017.11.30-05.32.22:552][571]LogEditorViewport: Clicking on Actor (LMB): SkyLight (SkyLight)
[2017.11.30-05.32.29:076][307]Cmd: DELETE
[2017.11.30-05.32.29:076][307]Cmd: ACTOR DELETE
[2017.11.30-05.32.29:077][307]LogEditorActor: Deleted Actor: SkyLight
[2017.11.30-05.32.29:096][307]LogEditorActor: Deleted 1 Actors (0.020 secs)
[2017.11.30-05.32.39:550][439]LogEditorViewport: Clicking on Actor (LMB): FbxScene_tinker_C (FbxScene_tinker)
[2017.11.30-05.32.40:631][560]LogSlate: Took 0.032263 seconds to synchronously load lazily loaded font '../../../Engine/Content/Editor/Slate/Fonts/Roboto-Italic.ttf' (157K)
[2017.11.30-05.32.53:544][630]LogEditorViewport: Clicking on Actor (LMB): BP_Sky_Sphere_C (BP_Sky_Sphere)
[2017.11.30-05.32.56:675][951]LogSavePackage: Save=60.07ms
[2017.11.30-05.32.56:675][951]LogSavePackage: Moving 'C:/Users/Cameron/Documents/PostProcessingOutlining/PPOutlining/Saved/PPOUTLINEMAP967786BD4BFEC4A9464B618E01195382.tmp' to 'C:/Users/Cameron/Documents/PostProcessingOutlining/PPOutlining/Content/StarterContent/Maps/PPOUTLINEMAP.umap'
[2017.11.30-05.32.56:678][951]LogSavePackage: Display: Finished SavePackage C:/Users/Cameron/Documents/PostProcessingOutlining/PPOutlining/Content/StarterContent/Maps/PPOUTLINEMAP.umap
[2017.11.30-05.32.56:700][951]LogFileHelpers: Saving map 'PPOUTLINEMAP' took 0.191
[2017.11.30-05.32.58:126][ 93]LogWindowsTextInputMethodSystem: Display: IME system now deactivated.
[2017.11.30-05.32.58:457][ 94]Cmd: QUIT_EDITOR
[2017.11.30-05.32.59:751][ 94]LogExit: Preparing to exit.
[2017.11.30-05.33.01:181][ 94]LogExit: Editor shut down
[2017.11.30-05.33.01:186][ 94]LogExit: Transaction tracking system shut down
[2017.11.30-05.33.02:802][ 94]LogDirectoryWatcher: A directory notification for '../../../Engine/Content/' was aborted.
[2017.11.30-05.33.02:803][ 94]LogDirectoryWatcher: A directory notification for 'C:/Users/Cameron/Documents/PostProcessingOutlining/PPOutlining/Content/' was aborted.
[2017.11.30-05.33.02:803][ 94]LogDirectoryWatcher: A directory notification for '../../../Engine/Plugins/2D/Paper2D/Content/' was aborted.
[2017.11.30-05.33.02:803][ 94]LogDirectoryWatcher: A directory notification for '../../../Engine/Plugins/Runtime/Oculus/OculusVR/Content/' was aborted.
[2017.11.30-05.33.02:803][ 94]LogDirectoryWatcher: A directory notification for '../../../Engine/Plugins/Runtime/Steam/SteamVR/Content/' was aborted.
[2017.11.30-05.33.08:974][ 94]LogExit: Object subsystem successfully closed.
[2017.11.30-05.33.09:573][ 94]LogD3D11RHI: Shutdown
[2017.11.30-05.33.09:573][ 94]LogD3D11RHI: CleanupD3DDevice
[2017.11.30-05.33.09:796][ 94]LogD3D11RHI: ~FD3D11DynamicRHI
[2017.11.30-05.33.12:187][ 94]LogModuleManager: Shutting down and abandoning module HierarchicalLODUtilities (538)
[2017.11.30-05.33.12:187][ 94]LogModuleManager: Shutting down and abandoning module MovieSceneCapture (536)
[2017.11.30-05.33.12:215][ 94]LogModuleManager: Shutting down and abandoning module BlueprintGraph (534)
[2017.11.30-05.33.12:215][ 94]LogModuleManager: Shutting down and abandoning module BlueprintProfiler (532)
[2017.11.30-05.33.12:318][ 94]LogModuleManager: Shutting down and abandoning module HierarchicalLODOutliner (530)
[2017.11.30-05.33.12:318][ 94]LogModuleManager: Shutting down and abandoning module SceneOutliner (528)
[2017.11.30-05.33.12:341][ 94]LogModuleManager: Shutting down and abandoning module AddContentDialog (526)
[2017.11.30-05.33.12:370][ 94]LogDirectoryWatcher: A directory notification for 'D:/Games/UE_4.17/FeaturePacks/' was aborted.
[2017.11.30-05.33.12:444][ 94]LogModuleManager: Shutting down and abandoning module WidgetCarousel (525)
[2017.11.30-05.33.12:444][ 94]LogModuleManager: Shutting down and abandoning module EditorWidgets (522)
[2017.11.30-05.33.12:444][ 94]LogModuleManager: Shutting down and abandoning module CollectionManager (520)
[2017.11.30-05.33.12:460][ 94]LogDirectoryWatcher: A directory notification for 'C:/Users/Cameron/Documents/PostProcessingOutlining/PPOutlining/Content/Collections/' was aborted.
[2017.11.30-05.33.12:460][ 94]LogDirectoryWatcher: A directory notification for 'C:/Users/Cameron/Documents/PostProcessingOutlining/PPOutlining/Content/Developers/Cameron/Collections/' was aborted.
[2017.11.30-05.33.12:460][ 94]LogDirectoryWatcher: A directory notification for 'C:/Users/Cameron/Documents/PostProcessingOutlining/PPOutlining/Saved/Collections/' was aborted.
[2017.11.30-05.33.12:460][ 94]LogModuleManager: Shutting down and abandoning module StatsViewer (518)
[2017.11.30-05.33.12:512][ 94]LogModuleManager: Shutting down and abandoning module FoliageEdit (516)
[2017.11.30-05.33.12:529][ 94]LogModuleManager: Shutting down and abandoning module LandscapeEditor (514)
[2017.11.30-05.33.12:701][ 94]LogModuleManager: Shutting down and abandoning module MeshPaintMode (512)
[2017.11.30-05.33.12:724][ 94]LogModuleManager: Shutting down and abandoning module SceneDepthPickerMode (510)
[2017.11.30-05.33.12:724][ 94]LogModuleManager: Shutting down and abandoning module ActorPickerMode (508)
[2017.11.30-05.33.12:724][ 94]LogModuleManager: Shutting down and abandoning module GeometryMode (506)
[2017.11.30-05.33.12:724][ 94]LogModuleManager: Shutting down and abandoning module TextureAlignMode (504)
[2017.11.30-05.33.12:724][ 94]LogModuleManager: Shutting down and abandoning module BspMode (502)
[2017.11.30-05.33.12:745][ 94]LogModuleManager: Shutting down and abandoning module PIEPreviewDeviceProfileSelector (500)
[2017.11.30-05.33.12:745][ 94]LogModuleManager: Shutting down and abandoning module HardwareSurvey (498)
[2017.11.30-05.33.12:745][ 94]LogModuleManager: Shutting down and abandoning module SequenceRecorderSections (496)
[2017.11.30-05.33.12:760][ 94]LogModuleManager: Shutting down and abandoning module AutomationWorker (494)
[2017.11.30-05.33.12:768][ 94]LogModuleManager: Shutting down and abandoning module MatineeToLevelSequence (492)
[2017.11.30-05.33.12:790][ 94]LogModuleManager: Shutting down and abandoning module LevelSequenceEditor (490)
[2017.11.30-05.33.12:986][ 94]LogModuleManager: Shutting down and abandoning module PlacementMode (489)
[2017.11.30-05.33.12:986][ 94]LogModuleManager: Shutting down and abandoning module WmfMediaFactory (486)
[2017.11.30-05.33.12:986][ 94]LogModuleManager: Shutting down and abandoning module WmfMediaEditor (484)
[2017.11.30-05.33.12:986][ 94]LogModuleManager: Shutting down and abandoning module AvfMediaFactory (482)
[2017.11.30-05.33.12:986][ 94]LogModuleManager: Shutting down and abandoning module AvfMediaEditor (480)
[2017.11.30-05.33.12:986][ 94]LogModuleManager: Shutting down and abandoning module AndroidMediaFactory (478)
[2017.11.30-05.33.12:986][ 94]LogModuleManager: Shutting down and abandoning module Media (477)
[2017.11.30-05.33.12:986][ 94]LogModuleManager: Shutting down and abandoning module AndroidMediaEditor (474)
[2017.11.30-05.33.12:986][ 94]LogModuleManager: Shutting down and abandoning module CharacterAI (472)
[2017.11.30-05.33.12:986][ 94]LogModuleManager: Shutting down and abandoning module AudioCapture (470)
[2017.11.30-05.33.12:986][ 94]LogModuleManager: Shutting down and abandoning module SequenceRecorder (469)
[2017.11.30-05.33.13:004][ 94]LogModuleManager: Shutting down and abandoning module SmartSnapping (466)
[2017.11.30-05.33.13:004][ 94]LogModuleManager: Shutting down and abandoning module SessionServices (464)
[2017.11.30-05.33.13:004][ 94]LogModuleManager: Shutting down and abandoning module ViewportSnapping (462)
[2017.11.30-05.33.13:004][ 94]LogModuleManager: Shutting down and abandoning module ViewportInteraction (460)
[2017.11.30-05.33.13:004][ 94]LogModuleManager: Shutting down and abandoning module ClothPainter (458)
[2017.11.30-05.33.13:175][ 94]LogModuleManager: Shutting down and abandoning module LogVisualizer (456)
[2017.11.30-05.33.13:247][ 94]LogModuleManager: Shutting down and abandoning module IntroTutorials (454)
[2017.11.30-05.33.13:324][ 94]LogModuleManager: Shutting down and abandoning module GameProjectGeneration (453)
[2017.11.30-05.33.13:428][ 94]LogModuleManager: Shutting down and abandoning module IOSPlatformEditor (450)
[2017.11.30-05.33.13:452][ 94]LogModuleManager: Shutting down and abandoning module HTML5PlatformEditor (448)
[2017.11.30-05.33.13:452][ 94]LogModuleManager: Shutting down and abandoning module AndroidPlatformEditor (446)
[2017.11.30-05.33.13:452][ 94]LogModuleManager: Shutting down and abandoning module AndroidDeviceDetection (445)
[2017.11.30-05.33.13:514][ 94]LogModuleManager: Shutting down and abandoning module WindowsPlatformEditor (442)
[2017.11.30-05.33.13:514][ 94]LogModuleManager: Shutting down and abandoning module IOSRuntimeSettings (440)
[2017.11.30-05.33.13:514][ 94]LogModuleManager: Shutting down and abandoning module AndroidRuntimeSettings (438)
[2017.11.30-05.33.13:514][ 94]LogModuleManager: Shutting down and abandoning module InputBindingEditor (436)
[2017.11.30-05.33.13:531][ 94]LogModuleManager: Shutting down and abandoning module MergeActors (434)
[2017.11.30-05.33.13:582][ 94]LogModuleManager: Shutting down and abandoning module SizeMap (432)
[2017.11.30-05.33.13:582][ 94]LogModuleManager: Shutting down and abandoning module TreeMap (430)
[2017.11.30-05.33.13:617][ 94]LogModuleManager: Shutting down and abandoning module ReferenceViewer (428)
[2017.11.30-05.33.13:617][ 94]LogModuleManager: Shutting down and abandoning module LocalizationDashboard (426)
[2017.11.30-05.33.13:654][ 94]LogModuleManager: Shutting down and abandoning module LocalizationService (425)
[2017.11.30-05.33.13:671][ 94]LogModuleManager: Shutting down and abandoning module HardwareTargeting (422)
[2017.11.30-05.33.13:671][ 94]LogModuleManager: Shutting down and abandoning module DeviceProfileEditor (420)
[2017.11.30-05.33.13:685][ 94]LogModuleManager: Shutting down and abandoning module UndoHistory (418)
[2017.11.30-05.33.13:685][ 94]LogModuleManager: Shutting down and abandoning module XmlParser (416)
[2017.11.30-05.33.13:709][ 94]LogModuleManager: Shutting down and abandoning module Blutility (414)
[2017.11.30-05.33.13:709][ 94]LogModuleManager: Shutting down and abandoning module ProjectSettingsViewer (412)
[2017.11.30-05.33.13:709][ 94]LogModuleManager: Shutting down and abandoning module ProjectTargetPlatformEditor (411)
[2017.11.30-05.33.13:709][ 94]LogModuleManager: Shutting down and abandoning module EditorSettingsViewer (408)
[2017.11.30-05.33.13:709][ 94]LogModuleManager: Shutting down and abandoning module SettingsEditor (406)
[2017.11.30-05.33.13:776][ 94]LogModuleManager: Shutting down and abandoning module ProjectLauncher (404)
[2017.11.30-05.33.13:794][ 94]LogModuleManager: Shutting down and abandoning module SessionFrontend (402)
[2017.11.30-05.33.13:819][ 94]LogModuleManager: Shutting down and abandoning module ProfilerClient (400)
[2017.11.30-05.33.13:850][ 94]LogModuleManager: Shutting down and abandoning module DeviceManager (398)
[2017.11.30-05.33.13:900][ 94]LogModuleManager: Shutting down and abandoning module TargetDeviceServices (397)
[2017.11.30-05.33.13:963][ 94]LogModuleManager: Shutting down and abandoning module AutomationController (394)
[2017.11.30-05.33.13:984][ 94]LogModuleManager: Shutting down and abandoning module AutomationWindow (392)
[2017.11.30-05.33.14:042][ 94]LogModuleManager: Shutting down and abandoning module Layers (390)
[2017.11.30-05.33.14:106][ 94]LogModuleManager: Shutting down and abandoning module ComponentVisualizers (388)
[2017.11.30-05.33.14:106][ 94]LogModuleManager: Shutting down and abandoning module DetailCustomizations (386)
[2017.11.30-05.33.14:127][ 94]LogModuleManager: Shutting down and abandoning module PackagesDialog (384)
[2017.11.30-05.33.14:170][ 94]LogModuleManager: Shutting down and abandoning module Persona (382)
[2017.11.30-05.33.14:241][ 94]LogModuleManager: Shutting down and abandoning module AdvancedPreviewScene (381)
[2017.11.30-05.33.14:241][ 94]LogModuleManager: Shutting down and abandoning module AnimGraph (379)
[2017.11.30-05.33.14:261][ 94]LogModuleManager: Shutting down and abandoning module Kismet (376)
[2017.11.30-05.33.14:268][ 94]LogModuleManager: Shutting down and abandoning module ClassViewer (374)
[2017.11.30-05.33.14:268][ 94]LogModuleManager: Shutting down and abandoning module Toolbox (372)
[2017.11.30-05.33.14:268][ 94]LogModuleManager: Shutting down and abandoning module ModuleUI (370)
[2017.11.30-05.33.14:283][ 94]LogModuleManager: Shutting down and abandoning module MovieSceneTools (368)
[2017.11.30-05.33.14:350][ 94]LogModuleManager: Shutting down and abandoning module OutputLog (366)
[2017.11.30-05.33.14:350][ 94]LogModuleManager: Shutting down and abandoning module GammaUI (364)
[2017.11.30-05.33.14:377][ 94]LogModuleManager: Shutting down and abandoning module Documentation (362)
[2017.11.30-05.33.14:377][ 94]LogModuleManager: Shutting down and abandoning module MovieSceneTracks (360)
[2017.11.30-05.33.14:377][ 94]LogModuleManager: Shutting down and abandoning module MovieScene (358)
[2017.11.30-05.33.14:377][ 94]LogModuleManager: Shutting down and abandoning module Niagara (356)
[2017.11.30-05.33.14:377][ 94]LogModuleManager: Shutting down and abandoning module NiagaraEditor (355)
[2017.11.30-05.33.14:432][ 94]LogModuleManager: Shutting down and abandoning module StreamingPauseRendering (352)
[2017.11.30-05.33.14:432][ 94]LogModuleManager: Shutting down and abandoning module LauncherPlatform (350)
[2017.11.30-05.33.14:432][ 94]LogModuleManager: Shutting down and abandoning module AnalyticsET (348)
[2017.11.30-05.33.14:432][ 94]LogModuleManager: Shutting down and abandoning module PortalServices (346)
[2017.11.30-05.33.14:432][ 94]LogModuleManager: Shutting down and abandoning module PortalRpc (344)
[2017.11.30-05.33.14:432][ 94]LogModuleManager: Shutting down and abandoning module MessagingRpc (342)
[2017.11.30-05.33.14:432][ 94]LogModuleManager: Shutting down and abandoning module AIModule (340)
[2017.11.30-05.33.14:432][ 94]LogModuleManager: Shutting down and abandoning module GameplayDebugger (339)
[2017.11.30-05.33.14:432][ 94]LogModuleManager: Shutting down and abandoning module AITestSuite (337)
[2017.11.30-05.33.14:444][ 94]LogModuleManager: Shutting down and abandoning module ProfilerService (334)
[2017.11.30-05.33.14:491][ 94]LogModuleManager: Shutting down and abandoning module TaskGraph (332)
[2017.11.30-05.33.14:552][ 94]LogModuleManager: Shutting down and abandoning module SteamVRController (330)
[2017.11.30-05.33.14:552][ 94]LogModuleManager: Shutting down and abandoning module ProceduralMeshComponentEditor (328)
[2017.11.30-05.33.14:552][ 94]LogModuleManager: Shutting down and abandoning module ProceduralMeshComponent (326)
[2017.11.30-05.33.14:552][ 94]LogModuleManager: Shutting down and abandoning module OculusInput (324)
[2017.11.30-05.33.14:552][ 94]LogModuleManager: Shutting down and abandoning module MobilePatchingUtils (322)
[2017.11.30-05.33.14:552][ 94]LogModuleManager: Shutting down and abandoning module CustomMeshComponent (320)
[2017.11.30-05.33.14:552][ 94]LogModuleManager: Shutting down and abandoning module CableComponent (318)
[2017.11.30-05.33.14:559][ 94]LogModuleManager: Shutting down and abandoning module ArchVisCharacter (316)
[2017.11.30-05.33.14:559][ 94]LogModuleManager: Shutting down and abandoning module AndroidPermission (314)
[2017.11.30-05.33.14:559][ 94]LogModuleManager: Shutting down and abandoning module MediaPlayerEditor (310)
[2017.11.30-05.33.14:643][ 94]LogModuleManager: Shutting down and abandoning module HTML5Networking (308)
[2017.11.30-05.33.14:643][ 94]LogModuleManager: Shutting down and abandoning module AlembicImporter (306)
[2017.11.30-05.33.14:667][ 94]LogModuleManager: Shutting down and abandoning module AlembicLibrary (305)
[2017.11.30-05.33.14:667][ 94]LogModuleManager: Shutting down and abandoning module GeometryCache (304)
[2017.11.30-05.33.14:667][ 94]LogModuleManager: Shutting down and abandoning module GeometryCacheEd (303)
[2017.11.30-05.33.14:667][ 94]LogModuleManager: Shutting down and abandoning module SpeedTreeImporter (298)
[2017.11.30-05.33.14:667][ 94]LogModuleManager: Shutting down and abandoning module PluginBrowser (296)
[2017.11.30-05.33.14:745][ 94]LogModuleManager: Shutting down and abandoning module MobileLauncherProfileWizard (294)
[2017.11.30-05.33.14:800][ 94]LogModuleManager: Shutting down and abandoning module VisualStudioSourceCodeAccess (292)
[2017.11.30-05.33.14:800][ 94]LogModuleManager: Shutting down and abandoning module DesktopPlatform (291)
[2017.11.30-05.33.14:824][ 94]LogModuleManager: Shutting down and abandoning module UObjectPlugin (288)
[2017.11.30-05.33.14:824][ 94]LogModuleManager: Shutting down and abandoning module SubversionSourceControl (286)
[2017.11.30-05.33.14:870][ 94]LogModuleManager: Shutting down and abandoning module PerforceSourceControl (284)
[2017.11.30-05.33.14:970][ 94]LogModuleManager: Shutting down and abandoning module GitSourceControl (282)
[2017.11.30-05.33.15:052][ 94]LogModuleManager: Shutting down and abandoning module SourceControl (281)
[2017.11.30-05.33.15:094][ 94]LogModuleManager: Shutting down and abandoning module LightPropagationVolumeEditor (278)
[2017.11.30-05.33.15:094][ 94]LogModuleManager: Shutting down and abandoning module PaperTiledImporter (276)
[2017.11.30-05.33.15:094][ 94]LogModuleManager: Shutting down and abandoning module PaperSpriteSheetImporter (274)
[2017.11.30-05.33.15:094][ 94]LogModuleManager: Shutting down and abandoning module Paper2DEditor (272)
[2017.11.30-05.33.15:142][ 94]LogModuleManager: Shutting down and abandoning module MeshPaint (271)
[2017.11.30-05.33.15:149][ 94]LogModuleManager: Shutting down and abandoning module LevelEditor (269)
[2017.11.30-05.33.15:158][ 94]LogModuleManager: Shutting down and abandoning module PixelInspectorModule (268)
[2017.11.30-05.33.15:170][ 94]LogModuleManager: Shutting down and abandoning module MainFrame (266)
[2017.11.30-05.33.15:171][ 94]LogModuleManager: Shutting down and abandoning module HotReload (265)
[2017.11.30-05.33.15:184][ 94]LogModuleManager: Shutting down and abandoning module RuntimePhysXCooking (260)
[2017.11.30-05.33.15:184][ 94]LogModuleManager: Shutting down and abandoning module PhysXVehiclesEditor (258)
[2017.11.30-05.33.15:184][ 94]LogModuleManager: Shutting down and abandoning module PhysXVehicles (256)
[2017.11.30-05.33.15:184][ 94]LogModuleManager: Shutting down and abandoning module OculusEditor (254)
[2017.11.30-05.33.15:184][ 94]LogModuleManager: Shutting down and abandoning module LocationServicesBPLibrary (252)
[2017.11.30-05.33.15:184][ 94]LogModuleManager: Shutting down and abandoning module ImmediatePhysicsEditor (250)
[2017.11.30-05.33.15:184][ 94]LogModuleManager: Shutting down and abandoning module ImmediatePhysics (248)
[2017.11.30-05.33.15:193][ 94]LogModuleManager: Shutting down and abandoning module UdpMessaging (246)
[2017.11.30-05.33.15:293][ 94]LogModuleManager: Shutting down and abandoning module TcpMessaging (244)
[2017.11.30-05.33.15:403][ 94]LogModuleManager: Shutting down and abandoning module GameplayTagsEditor (242)
[2017.11.30-05.33.15:450][ 94]LogModuleManager: Shutting down and abandoning module FacialAnimationEditor (240)
[2017.11.30-05.33.15:450][ 94]LogModuleManager: Shutting down and abandoning module FacialAnimation (238)
[2017.11.30-05.33.15:450][ 94]LogModuleManager: Shutting down and abandoning module AssetManagerEditor (236)
[2017.11.30-05.33.15:540][ 94]LogModuleManager: Shutting down and abandoning module GraphEditor (235)
[2017.11.30-05.33.15:564][ 94]LogModuleManager: Shutting down and abandoning module ContentBrowser (233)
[2017.11.30-05.33.15:565][ 94]LogModuleManager: Shutting down and abandoning module LightPropagationVolumeRuntime (230)
[2017.11.30-05.33.15:565][ 94]LogModuleManager: Shutting down and abandoning module Paper2D (228)
[2017.11.30-05.33.15:594][ 94]LogModuleManager: Shutting down and abandoning module WindowsMoviePlayer (226)
[2017.11.30-05.33.15:594][ 94]LogModuleManager: Shutting down and abandoning module WmfMedia (224)
[2017.11.30-05.33.15:594][ 94]LogModuleManager: Shutting down and abandoning module PacketHandler (222)
[2017.11.30-05.33.15:594][ 94]LogModuleManager: Shutting down and abandoning module ClothingSystemEditor (220)
[2017.11.30-05.33.15:619][ 94]LogModuleManager: Shutting down and abandoning module ClothingSystemRuntime (218)
[2017.11.30-05.33.15:677][ 94]LogModuleManager: Shutting down and abandoning module Overlay (216)
[2017.11.30-05.33.15:677][ 94]LogModuleManager: Shutting down and abandoning module OverlayEditor (215)
[2017.11.30-05.33.15:677][ 94]LogModuleManager: Shutting down and abandoning module MediaAssets (212)
[2017.11.30-05.33.15:677][ 94]LogModuleManager: Shutting down and abandoning module VREditor (210)
[2017.11.30-05.33.15:712][ 94]LogModuleManager: Shutting down and abandoning module StringTableEditor (208)
[2017.11.30-05.33.15:727][ 94]LogModuleManager: Shutting down and abandoning module GameplayTasksEditor (206)
[2017.11.30-05.33.15:727][ 94]LogModuleManager: Shutting down and abandoning module BehaviorTreeEditor (204)
[2017.11.30-05.33.15:844][ 94]LogModuleManager: Shutting down and abandoning module FunctionalTesting (202)
[2017.11.30-05.33.15:844][ 94]LogModuleManager: Shutting down and abandoning module CollisionAnalyzer (200)
[2017.11.30-05.33.15:879][ 94]LogModuleManager: Shutting down and abandoning module WorkspaceMenuStructure (199)
[2017.11.30-05.33.15:879][ 94]LogModuleManager: Shutting down and abandoning module UMG (196)
[2017.11.30-05.33.15:924][ 94]LogModuleManager: Shutting down and abandoning module UMGEditor (195)
[2017.11.30-05.33.15:970][ 94]LogModuleManager: Shutting down and abandoning module Sequencer (194)
[2017.11.30-05.33.16:041][ 94]LogModuleManager: Shutting down and abandoning module MessageLog (191)
[2017.11.30-05.33.16:042][ 94]LogModuleManager: Shutting down and abandoning module SlateReflector (186)
[2017.11.30-05.33.16:133][ 94]LogModuleManager: Shutting down and abandoning module Slate (184)
[2017.11.30-05.33.16:133][ 94]LogModuleManager: Shutting down and abandoning module EditorStyle (182)
[2017.11.30-05.33.16:135][ 94]LogModuleManager: Shutting down and abandoning module MRMesh (180)
[2017.11.30-05.33.16:135][ 94]LogModuleManager: Shutting down and abandoning module SourceCodeAccess (178)
[2017.11.30-05.33.16:135][ 94]LogModuleManager: Shutting down and abandoning module HeadMountedDisplay (176)
[2017.11.30-05.33.16:135][ 94]LogModuleManager: Shutting down and abandoning module XAudio2 (174)
[2017.11.30-05.33.16:135][ 94]LogModuleManager: Shutting down and abandoning module Networking (172)
[2017.11.30-05.33.16:135][ 94]LogModuleManager: Shutting down and abandoning module Core (168)
[2017.11.30-05.33.16:135][ 94]LogModuleManager: Shutting down and abandoning module KismetCompiler (164)
[2017.11.30-05.33.16:135][ 94]LogModuleManager: Shutting down and abandoning module LevelSequence (162)
[2017.11.30-05.33.16:135][ 94]LogModuleManager: Shutting down and abandoning module MeshUtilities (160)
[2017.11.30-05.33.16:159][ 94]LogModuleManager: Shutting down and abandoning module MeshMergeUtilities (159)
[2017.11.30-05.33.16:212][ 94]LogModuleManager: Shutting down and abandoning module MeshReductionInterface (158)
[2017.11.30-05.33.16:212][ 94]LogModuleManager: Shutting down and abandoning module SimplygonSwarm (157)
[2017.11.30-05.33.16:237][ 94]LogModuleManager: Shutting down and abandoning module SimplygonMeshReduction (155)
[2017.11.30-05.33.16:237][ 94]LogModuleManager: Shutting down and abandoning module QuadricMeshReduction (153)
[2017.11.30-05.33.16:298][ 94]LogModuleManager: Shutting down and abandoning module MaterialBaking (149)
[2017.11.30-05.33.16:331][ 94]LogModuleManager: Shutting down and abandoning module DirectoryWatcher (146)
[2017.11.30-05.33.16:332][ 94]LogModuleManager: Shutting down and abandoning module DerivedDataCache (144)
[2017.11.30-05.33.16:386][ 94]LogDerivedDataCache: Shutdown
[2017.11.30-05.33.16:386][ 94]LogModuleManager: Shutting down and abandoning module TargetPlatform (142)
[2017.11.30-05.33.16:386][ 94]LogModuleManager: Shutting down and abandoning module VulkanShaderFormat (141)
[2017.11.30-05.33.16:422][ 94]LogModuleManager: Shutting down and abandoning module ShaderFormatVectorVM (139)
[2017.11.30-05.33.16:434][ 94]LogModuleManager: Shutting down and abandoning module ShaderFormatOpenGL (137)
[2017.11.30-05.33.16:460][ 94]LogModuleManager: Shutting down and abandoning module ShaderFormatD3D (135)
[2017.11.30-05.33.16:499][ 94]LogModuleManager: Shutting down and abandoning module MetalShaderFormat (133)
[2017.11.30-05.33.16:544][ 94]LogModuleManager: Shutting down and abandoning module TextureFormatUncompressed (131)
[2017.11.30-05.33.16:544][ 94]LogModuleManager: Shutting down and abandoning module TextureFormatPVR (129)
[2017.11.30-05.33.16:544][ 94]LogModuleManager: Shutting down and abandoning module TextureFormatDXT (127)
[2017.11.30-05.33.16:566][ 94]LogModuleManager: Shutting down and abandoning module TextureFormatIntelISPCTexComp (125)
[2017.11.30-05.33.16:594][ 94]LogModuleManager: Shutting down and abandoning module TextureFormatASTC (123)
[2017.11.30-05.33.16:594][ 94]LogModuleManager: Shutting down and abandoning module ImageWrapper (122)
[2017.11.30-05.33.16:594][ 94]LogModuleManager: Shutting down and abandoning module TextureFormatAndroid (119)
[2017.11.30-05.33.16:594][ 94]LogModuleManager: Shutting down and abandoning module AudioFormatOpus (117)
[2017.11.30-05.33.16:594][ 94]LogModuleManager: Shutting down and abandoning module AudioFormatOgg (115)
[2017.11.30-05.33.16:594][ 94]LogModuleManager: Shutting down and abandoning module AudioFormatADPCM (113)
[2017.11.30-05.33.16:594][ 94]LogModuleManager: Shutting down and abandoning module LinuxTargetPlatform (111)
[2017.11.30-05.33.16:594][ 94]LogModuleManager: Shutting down and abandoning module LinuxServerTargetPlatform (109)
[2017.11.30-05.33.16:594][ 94]LogModuleManager: Shutting down and abandoning module LinuxNoEditorTargetPlatform (107)
[2017.11.30-05.33.16:594][ 94]LogModuleManager: Shutting down and abandoning module LinuxClientTargetPlatform (105)
[2017.11.30-05.33.16:594][ 94]LogModuleManager: Shutting down and abandoning module TVOSTargetPlatform (103)
[2017.11.30-05.33.16:594][ 94]LogModuleManager: Shutting down and abandoning module Messaging (101)
[2017.11.30-05.33.16:594][ 94]LogModuleManager: Shutting down and abandoning module IOSTargetPlatform (99)
[2017.11.30-05.33.16:594][ 94]LogModuleManager: Shutting down and abandoning module HTML5TargetPlatform (97)
[2017.11.30-05.33.16:594][ 94]LogModuleManager: Shutting down and abandoning module Android_PVRTCTargetPlatform (95)
[2017.11.30-05.33.16:594][ 94]LogModuleManager: Shutting down and abandoning module Android_MultiTargetPlatform (93)
[2017.11.30-05.33.16:594][ 94]LogModuleManager: Shutting down and abandoning module Android_ETC2TargetPlatform (91)
[2017.11.30-05.33.16:594][ 94]LogModuleManager: Shutting down and abandoning module Android_ETC1TargetPlatform (89)
[2017.11.30-05.33.16:594][ 94]LogModuleManager: Shutting down and abandoning module Android_DXTTargetPlatform (87)
[2017.11.30-05.33.16:594][ 94]LogModuleManager: Shutting down and abandoning module Android_ATCTargetPlatform (85)
[2017.11.30-05.33.16:594][ 94]LogModuleManager: Shutting down and abandoning module Android_ASTCTargetPlatform (83)
[2017.11.30-05.33.16:594][ 94]LogModuleManager: Shutting down and abandoning module AndroidTargetPlatform (81)
[2017.11.30-05.33.16:594][ 94]LogModuleManager: Shutting down and abandoning module WindowsTargetPlatform (79)
[2017.11.30-05.33.16:594][ 94]LogModuleManager: Shutting down and abandoning module WindowsServerTargetPlatform (77)
[2017.11.30-05.33.16:594][ 94]LogModuleManager: Shutting down and abandoning module WindowsNoEditorTargetPlatform (75)
[2017.11.30-05.33.16:594][ 94]LogModuleManager: Shutting down and abandoning module WindowsClientTargetPlatform (73)
[2017.11.30-05.33.16:594][ 94]LogModuleManager: Shutting down and abandoning module MacTargetPlatform (71)
[2017.11.30-05.33.16:594][ 94]LogModuleManager: Shutting down and abandoning module MacServerTargetPlatform (69)
[2017.11.30-05.33.16:594][ 94]LogModuleManager: Shutting down and abandoning module MacNoEditorTargetPlatform (67)
[2017.11.30-05.33.16:594][ 94]LogModuleManager: Shutting down and abandoning module MacClientTargetPlatform (65)
[2017.11.30-05.33.16:594][ 94]LogModuleManager: Shutting down and abandoning module AllDesktopTargetPlatform (63)
[2017.11.30-05.33.16:594][ 94]LogModuleManager: Shutting down and abandoning module InputCore (60)
[2017.11.30-05.33.16:594][ 94]LogModuleManager: Shutting down and abandoning module Settings (58)
[2017.11.30-05.33.16:594][ 94]LogModuleManager: Shutting down and abandoning module PhysXCooking (56)
[2017.11.30-05.33.16:594][ 94]LogModuleManager: Shutting down and abandoning module SteamVR (54)
[2017.11.30-05.33.16:594][ 94]LogModuleManager: Shutting down and abandoning module OculusHMD (52)
[2017.11.30-05.33.16:618][ 94]LogModuleManager: Shutting down and abandoning module ExampleDeviceProfileSelector (50)
[2017.11.30-05.33.16:618][ 94]LogModuleManager: Shutting down and abandoning module OnlineBlueprintSupport (48)
[2017.11.30-05.33.16:618][ 94]LogModuleManager: Shutting down and abandoning module OnlineSubsystem (44)
[2017.11.30-05.33.16:618][ 94]LogOnline: Display: Unloading online subsystem: NULL
[2017.11.30-05.33.16:703][ 94]LogModuleManager: Shutting down and abandoning module XMPP (43)
[2017.11.30-05.33.16:781][ 94]LogModuleManager: Shutting down and abandoning module HTTP (41)
[2017.11.30-05.33.16:781][ 94]LogHttp: Display: Http module shutting down, but needs to wait on 1 outstanding Http requests:
[2017.11.30-05.33.16:811][ 94]LogHttp: Display: 	verb=[POST] url=[https://datarouter.ol.epicgames.com/datarouter/api/v1/public/data?SessionID=%7BACDDCF04-42FA-65A6-97CC-FE8F52D3611B%7D&AppID=UEEditor.Rocket.Release&AppVersion=4.17.2-3658906%2B%2B%2BUE4%2BRelease-4.17&UserID=1a9fbdf547acc15498f53c9d52a86bdd%7Cd697d50e1bb4459db0bde9f23d712b49%7C1c18de53-6320-4932-a354-522ac18064de&AppEnvironment=datacollector-binary&UploadType=eteventstream] status=Processing
[2017.11.30-05.33.16:826][ 94]LogModuleManager: Shutting down and abandoning module SSL (40)
[2017.11.30-05.33.16:845][ 94]LogModuleManager: Shutting down and abandoning module AnimationModifiers (36)
[2017.11.30-05.33.16:907][ 94]LogModuleManager: Shutting down and abandoning module PropertyEditor (35)
[2017.11.30-05.33.16:907][ 94]LogModuleManager: Shutting down and abandoning module AudioEditor (32)
[2017.11.30-05.33.17:051][ 94]LogModuleManager: Shutting down and abandoning module TextureCompressor (30)
[2017.11.30-05.33.17:051][ 94]LogModuleManager: Shutting down and abandoning module ShaderCore (28)
[2017.11.30-05.33.17:051][ 94]LogModuleManager: Shutting down and abandoning module Landscape (26)
[2017.11.30-05.33.17:051][ 94]LogModuleManager: Shutting down and abandoning module SlateRHIRenderer (24)
[2017.11.30-05.33.17:097][ 94]LogModuleManager: Shutting down and abandoning module OpenGLDrv (22)
[2017.11.30-05.33.17:109][ 94]LogModuleManager: Shutting down and abandoning module D3D11RHI (20)
[2017.11.30-05.33.17:109][ 94]LogModuleManager: Shutting down and abandoning module AnimGraphRuntime (18)
[2017.11.30-05.33.17:159][ 94]LogModuleManager: Shutting down and abandoning module Renderer (16)
[2017.11.30-05.33.17:159][ 94]LogModuleManager: Shutting down and abandoning module Engine (14)
[2017.11.30-05.33.17:159][ 94]LogModuleManager: Shutting down and abandoning module CoreUObject (12)
[2017.11.30-05.33.17:159][ 94]LogModuleManager: Shutting down and abandoning module NetworkFile (10)
[2017.11.30-05.33.17:159][ 94]LogModuleManager: Shutting down and abandoning module CookedIterativeFile (8)
[2017.11.30-05.33.17:159][ 94]LogModuleManager: Shutting down and abandoning module StreamingFile (6)
[2017.11.30-05.33.17:159][ 94]LogModuleManager: Shutting down and abandoning module SandboxFile (4)
[2017.11.30-05.33.17:181][ 94]LogModuleManager: Shutting down and abandoning module PakFile (2)
[2017.11.30-05.33.17:237][ 94]LogExit: Exiting.
[2017.11.30-05.33.17:250][ 94]Log file closed, 11/30/17 00:33:17
